#
# There is insufficient memory for the Java Runtime Environment to continue.
# Native memory allocation (malloc) failed to allocate 665776 bytes for Chunk::new
# Possible reasons:
#   The system is out of physical RAM or swap space
#   The process is running with CompressedOops enabled, and the Java Heap may be blocking the growth of the native heap
# Possible solutions:
#   Reduce memory load on the system
#   Increase physical memory or swap space
#   Check if swap backing store is full
#   Decrease Java heap size (-Xmx/-Xms)
#   Decrease number of Java threads
#   Decrease Java thread stack sizes (-Xss)
#   Set larger code cache with -XX:ReservedCodeCacheSize=
#   JVM is running with Unscaled Compressed Oops mode in which the Java heap is
#     placed in the first 4GB address space. The Java Heap base address is the
#     maximum limit for the native heap growth. Please use -XX:HeapBaseMinAddress
#     to set the Java Heap base and to place the Java Heap above 4GB virtual address.
# This output file may be truncated or incomplete.
#
#  Out of Memory Error (./src/hotspot/share/memory/arena.cpp:197), pid=14568, tid=30160
#
# JRE version: OpenJDK Runtime Environment (11.0.12+7) (build 11.0.12+7-b1504.28-7817840)
# Java VM: OpenJDK 64-Bit Server VM (11.0.12+7-b1504.28-7817840, mixed mode, tiered, compressed oops, g1 gc, windows-amd64)
# No core dump will be written. Minidumps are not enabled by default on client versions of Windows
#

---------------  S U M M A R Y ------------

Command Line: --add-opens=java.base/java.util=ALL-UNNAMED --add-opens=java.base/java.lang=ALL-UNNAMED --add-opens=java.base/java.lang.invoke=ALL-UNNAMED --add-opens=java.base/java.util=ALL-UNNAMED --add-opens=java.prefs/java.util.prefs=ALL-UNNAMED --add-opens=java.prefs/java.util.prefs=ALL-UNNAMED --add-opens=java.base/java.nio.charset=ALL-UNNAMED --add-opens=java.base/java.net=ALL-UNNAMED --add-opens=java.base/java.util.concurrent.atomic=ALL-UNNAMED -Xmx2048m -Dfile.encoding=UTF-8 -Duser.country=IN -Duser.language=en -Duser.variant org.gradle.launcher.daemon.bootstrap.GradleDaemon 7.3.3

Host: 11th Gen Intel(R) Core(TM) i5-1135G7 @ 2.40GHz, 8 cores, 7G,  Windows 10 , 64 bit Build 19041 (10.0.19041.2251)
Time: Wed Nov 30 18:26:35 2022 India Standard Time elapsed time: 3392.167523 seconds (0d 0h 56m 32s)

---------------  T H R E A D  ---------------

Current thread (0x00000267c00c6800):  JavaThread "C2 CompilerThread0" daemon [_thread_in_native, id=30160, stack(0x000000c2d3800000,0x000000c2d3900000)]


Current CompileTask:
C2:3392167 14334       4       kotlin.collections.CollectionsKt___CollectionsKt::joinTo (156 bytes)

Stack: [0x000000c2d3800000,0x000000c2d3900000]
Native frames: (J=compiled Java code, j=interpreted, Vv=VM code, C=native code)
V  [jvm.dll+0x5fbcea]
V  [jvm.dll+0x731905]
V  [jvm.dll+0x732f1d]
V  [jvm.dll+0x7335d3]
V  [jvm.dll+0x247bf8]
V  [jvm.dll+0xc018c]
V  [jvm.dll+0xc06cc]
V  [jvm.dll+0x35b2db]
V  [jvm.dll+0x328803]
V  [jvm.dll+0x327cfa]
V  [jvm.dll+0x200602]
V  [jvm.dll+0x1ff794]
V  [jvm.dll+0x18868c]
V  [jvm.dll+0x20e0d7]
V  [jvm.dll+0x20c901]
V  [jvm.dll+0x6f9b7f]
V  [jvm.dll+0x6f26a5]
V  [jvm.dll+0x5fabf6]
C  [ucrtbase.dll+0x21bb2]
C  [KERNEL32.DLL+0x174b4]
C  [ntdll.dll+0x526a1]


---------------  P R O C E S S  ---------------

Threads class SMR info:
_java_thread_list=0x00000267c693ec60, length=127, elements={
0x00000267a545a800, 0x00000267c00a5800, 0x00000267c00af000, 0x00000267c00bc800,
0x00000267c00bf800, 0x00000267c00c2800, 0x00000267c00c6800, 0x00000267c00c8800,
0x00000267c00c9800, 0x00000267c0b94000, 0x00000267c21fc000, 0x00000267c0d64000,
0x00000267c2883000, 0x00000267c25a1000, 0x00000267c259e800, 0x00000267c259b800,
0x00000267c25a0000, 0x00000267c25a2000, 0x00000267c259d000, 0x00000267c259c000,
0x00000267c48c0000, 0x00000267c48c6000, 0x00000267c48c6800, 0x00000267c48c1000,
0x00000267c48c7800, 0x00000267c48c1800, 0x00000267c48ca000, 0x00000267c48c4000,
0x00000267c5ca4000, 0x00000267c5ca3000, 0x00000267c3020800, 0x00000267cb3bc000,
0x00000267cb3b4000, 0x00000267cb3b9000, 0x00000267cb3b7000, 0x00000267cb3b9800,
0x00000267cb3ba800, 0x00000267cb3b5000, 0x00000267cb3b8000, 0x00000267cb3b6800,
0x00000267cb3bb800, 0x00000267cb3b5800, 0x00000267cb3be800, 0x00000267cb3bf800,
0x00000267cb3bd000, 0x00000267cb3c2000, 0x00000267cb3c0000, 0x00000267cb3c1000,
0x00000267cb3c2800, 0x00000267cb3bd800, 0x00000267c3017000, 0x00000267c3015800,
0x00000267c3014800, 0x00000267c3019800, 0x00000267c3017800, 0x00000267c3016000,
0x00000267c301b000, 0x00000267c301a000, 0x00000267c3018800, 0x00000267c3021800,
0x00000267c301c000, 0x00000267c301d800, 0x00000267c301f000, 0x00000267c3020000,
0x00000267c3022800, 0x00000267c301e800, 0x00000267c301c800, 0x00000267c3023000,
0x00000267c5e98000, 0x00000267c5e99800, 0x00000267c5e9a800, 0x00000267c5e9e800,
0x00000267c5e9b000, 0x00000267c5e9c000, 0x00000267c5e9d800, 0x00000267c5e98800,
0x00000267c5ea2800, 0x00000267c5e9f000, 0x00000267c5ea1800, 0x00000267c5ea5000,
0x00000267c5ea3800, 0x00000267c5ea4000, 0x00000267c5ea1000, 0x00000267c5ea6000,
0x00000267c5ea0000, 0x00000267c5ea6800, 0x00000267c5ca0000, 0x00000267c5ca0800,
0x00000267c5c9f000, 0x00000267c5ca5800, 0x00000267c5ca6800, 0x00000267c5ca7000,
0x00000267c5ca1800, 0x00000267c5caa800, 0x00000267c5cac000, 0x00000267c5cad800,
0x00000267c5ca9800, 0x00000267c5cab800, 0x00000267c5cad000, 0x00000267c5ca8000,
0x00000267c5ca9000, 0x00000267c48c8000, 0x00000267c48c2800, 0x00000267c48c3800,
0x00000267c48cc800, 0x00000267c48ce000, 0x00000267c48cd000, 0x00000267c48cb800,
0x00000267c48cf000, 0x00000267c259e000, 0x00000267c259f800, 0x00000267c4826800,
0x00000267c4829000, 0x00000267c482d800, 0x00000267c4828800, 0x00000267c482a000,
0x00000267c482b000, 0x00000267c482b800, 0x00000267c4827800, 0x00000267c482c800,
0x00000267c482f800, 0x00000267c4830800, 0x00000267c482e000, 0x00000267c4834800,
0x00000267c4831800, 0x00000267c4832000, 0x00000267c6221800
}

Java Threads: ( => current thread )
  0x00000267a545a800 JavaThread "main" [_thread_blocked, id=37832, stack(0x000000c2d2c00000,0x000000c2d2d00000)]
  0x00000267c00a5800 JavaThread "Reference Handler" daemon [_thread_blocked, id=39740, stack(0x000000c2d3300000,0x000000c2d3400000)]
  0x00000267c00af000 JavaThread "Finalizer" daemon [_thread_blocked, id=26516, stack(0x000000c2d3400000,0x000000c2d3500000)]
  0x00000267c00bc800 JavaThread "Signal Dispatcher" daemon [_thread_blocked, id=18728, stack(0x000000c2d3500000,0x000000c2d3600000)]
  0x00000267c00bf800 JavaThread "Attach Listener" daemon [_thread_blocked, id=13156, stack(0x000000c2d3600000,0x000000c2d3700000)]
  0x00000267c00c2800 JavaThread "Service Thread" daemon [_thread_blocked, id=16404, stack(0x000000c2d3700000,0x000000c2d3800000)]
=>0x00000267c00c6800 JavaThread "C2 CompilerThread0" daemon [_thread_in_native, id=30160, stack(0x000000c2d3800000,0x000000c2d3900000)]
  0x00000267c00c8800 JavaThread "C1 CompilerThread0" daemon [_thread_blocked, id=15056, stack(0x000000c2d3900000,0x000000c2d3a00000)]
  0x00000267c00c9800 JavaThread "Sweeper thread" daemon [_thread_blocked, id=39284, stack(0x000000c2d3a00000,0x000000c2d3b00000)]
  0x00000267c0b94000 JavaThread "Common-Cleaner" daemon [_thread_blocked, id=30036, stack(0x000000c2d3b00000,0x000000c2d3c00000)]
  0x00000267c21fc000 JavaThread "Daemon health stats" [_thread_blocked, id=3956, stack(0x000000c2d3f00000,0x000000c2d4000000)]
  0x00000267c0d64000 JavaThread "Incoming local TCP Connector on port 65440" [_thread_in_native, id=17180, stack(0x000000c2d3d00000,0x000000c2d3e00000)]
  0x00000267c2883000 JavaThread "Daemon periodic checks" [_thread_blocked, id=33168, stack(0x000000c2d4000000,0x000000c2d4100000)]
  0x00000267c25a1000 JavaThread "Cache worker for journal cache (C:\Users\VAISHNAVI\.gradle\caches\journal-1)" [_thread_blocked, id=21068, stack(0x000000c2d4e00000,0x000000c2d4f00000)]
  0x00000267c259e800 JavaThread "File lock request listener" [_thread_in_native, id=27984, stack(0x000000c2d4f00000,0x000000c2d5000000)]
  0x00000267c259b800 JavaThread "Cache worker for file hash cache (C:\Users\VAISHNAVI\.gradle\caches\7.3.3\fileHashes)" [_thread_blocked, id=10972, stack(0x000000c2d5100000,0x000000c2d5200000)]
  0x00000267c25a0000 JavaThread "File watcher server" daemon [_thread_in_native, id=16440, stack(0x000000c2d5400000,0x000000c2d5500000)]
  0x00000267c25a2000 JavaThread "File watcher consumer" daemon [_thread_blocked, id=37392, stack(0x000000c2d5500000,0x000000c2d5600000)]
  0x00000267c259d000 JavaThread "jar transforms" [_thread_blocked, id=36592, stack(0x000000c2d5700000,0x000000c2d5800000)]
  0x00000267c259c000 JavaThread "jar transforms Thread 2" [_thread_blocked, id=3940, stack(0x000000c2d5800000,0x000000c2d5900000)]
  0x00000267c48c0000 JavaThread "jar transforms Thread 3" [_thread_blocked, id=38656, stack(0x000000c2d5900000,0x000000c2d5a00000)]
  0x00000267c48c6000 JavaThread "jar transforms Thread 4" [_thread_blocked, id=37492, stack(0x000000c2d5a00000,0x000000c2d5b00000)]
  0x00000267c48c6800 JavaThread "jar transforms Thread 5" [_thread_blocked, id=22916, stack(0x000000c2d5b00000,0x000000c2d5c00000)]
  0x00000267c48c1000 JavaThread "jar transforms Thread 6" [_thread_blocked, id=33640, stack(0x000000c2d5c00000,0x000000c2d5d00000)]
  0x00000267c48c7800 JavaThread "jar transforms Thread 7" [_thread_blocked, id=38728, stack(0x000000c2d5d00000,0x000000c2d5e00000)]
  0x00000267c48c1800 JavaThread "jar transforms Thread 8" [_thread_blocked, id=7544, stack(0x000000c2d5e00000,0x000000c2d5f00000)]
  0x00000267c48ca000 JavaThread "Cache worker for execution history cache (C:\Users\VAISHNAVI\.gradle\caches\7.3.3\executionHistory)" [_thread_blocked, id=37488, stack(0x000000c2d6200000,0x000000c2d6300000)]
  0x00000267c48c4000 JavaThread "Cache worker for file content cache (C:\Users\VAISHNAVI\.gradle\caches\7.3.3\fileContent)" [_thread_blocked, id=9316, stack(0x000000c2d6300000,0x000000c2d6400000)]
  0x00000267c5ca4000 JavaThread "Memory manager" [_thread_blocked, id=29580, stack(0x000000c2db600000,0x000000c2db700000)]
  0x00000267c5ca3000 JavaThread "pool-3-thread-1" [_thread_blocked, id=39412, stack(0x000000c2db700000,0x000000c2db800000)]
  0x00000267c3020800 JavaThread "pool-6-thread-1" [_thread_blocked, id=23040, stack(0x000000c2db100000,0x000000c2db200000)]
  0x00000267cb3bc000 JavaThread "pool-9-thread-1" [_thread_blocked, id=36188, stack(0x000000c2db200000,0x000000c2db300000)]
  0x00000267cb3b4000 JavaThread "Daemon Thread 4" [_thread_blocked, id=37360, stack(0x000000c2d2900000,0x000000c2d2a00000)]
  0x00000267cb3b9000 JavaThread "Handler for socket connection from /127.0.0.1:65440 to /127.0.0.1:51840" [_thread_in_native, id=32580, stack(0x000000c2d2a00000,0x000000c2d2b00000)]
  0x00000267cb3b7000 JavaThread "Cancel handler" [_thread_blocked, id=33944, stack(0x000000c2d2b00000,0x000000c2d2c00000)]
  0x00000267cb3b9800 JavaThread "Daemon worker Thread 4" [_thread_in_native, id=4916, stack(0x000000c2d4100000,0x000000c2d4200000)]
  0x00000267cb3ba800 JavaThread "Asynchronous log dispatcher for DefaultDaemonConnection: socket connection from /127.0.0.1:65440 to /127.0.0.1:51840" [_thread_blocked, id=26152, stack(0x000000c2d4200000,0x000000c2d4300000)]
  0x00000267cb3b5000 JavaThread "Stdin handler" [_thread_blocked, id=30988, stack(0x000000c2d4500000,0x000000c2d4600000)]
  0x00000267cb3b8000 JavaThread "Daemon client event forwarder" [_thread_blocked, id=2504, stack(0x000000c2d4600000,0x000000c2d4700000)]
  0x00000267cb3b6800 JavaThread "Cache worker for file hash cache (D:\LocAlarm\.gradle\7.3.3\fileHashes)" [_thread_blocked, id=23592, stack(0x000000c2d4700000,0x000000c2d4800000)]
  0x00000267cb3bb800 JavaThread "Cache worker for checksums cache (D:\LocAlarm\.gradle\7.3.3\checksums)" [_thread_blocked, id=16460, stack(0x000000c2d5200000,0x000000c2d5300000)]
  0x00000267cb3b5800 JavaThread "Cache worker for cache directory md-supplier (C:\Users\VAISHNAVI\.gradle\caches\7.3.3\md-supplier)" [_thread_blocked, id=40864, stack(0x000000c2d5300000,0x000000c2d5400000)]
  0x00000267cb3be800 JavaThread "Cache worker for cache directory md-rule (C:\Users\VAISHNAVI\.gradle\caches\7.3.3\md-rule)" [_thread_blocked, id=7632, stack(0x000000c2d5600000,0x000000c2d5700000)]
  0x00000267cb3bf800 JavaThread "Cache worker for dependencies-accessors (D:\LocAlarm\.gradle\7.3.3\dependencies-accessors)" [_thread_blocked, id=19812, stack(0x000000c2d5f00000,0x000000c2d6000000)]
  0x00000267cb3bd000 JavaThread "Cache worker for Build Output Cleanup Cache (D:\LocAlarm\.gradle\buildOutputCleanup)" [_thread_blocked, id=39964, stack(0x000000c2d6000000,0x000000c2d6100000)]
  0x00000267cb3c2000 JavaThread "Unconstrained build operations" [_thread_blocked, id=40824, stack(0x000000c2d6100000,0x000000c2d6200000)]
  0x00000267cb3c0000 JavaThread "Unconstrained build operations Thread 2" [_thread_blocked, id=37932, stack(0x000000c2d6400000,0x000000c2d6500000)]
  0x00000267cb3c1000 JavaThread "Unconstrained build operations Thread 3" [_thread_blocked, id=8732, stack(0x000000c2d6500000,0x000000c2d6600000)]
  0x00000267cb3c2800 JavaThread "Unconstrained build operations Thread 4" [_thread_blocked, id=37216, stack(0x000000c2d6600000,0x000000c2d6700000)]
  0x00000267cb3bd800 JavaThread "Unconstrained build operations Thread 5" [_thread_blocked, id=41332, stack(0x000000c2d6700000,0x000000c2d6800000)]
  0x00000267c3017000 JavaThread "Unconstrained build operations Thread 6" [_thread_blocked, id=33500, stack(0x000000c2d6800000,0x000000c2d6900000)]
  0x00000267c3015800 JavaThread "Unconstrained build operations Thread 7" [_thread_blocked, id=28808, stack(0x000000c2d6900000,0x000000c2d6a00000)]
  0x00000267c3014800 JavaThread "Unconstrained build operations Thread 8" [_thread_blocked, id=23984, stack(0x000000c2d6a00000,0x000000c2d6b00000)]
  0x00000267c3019800 JavaThread "Unconstrained build operations Thread 9" [_thread_blocked, id=34056, stack(0x000000c2d6b00000,0x000000c2d6c00000)]
  0x00000267c3017800 JavaThread "Unconstrained build operations Thread 10" [_thread_blocked, id=39332, stack(0x000000c2d6c00000,0x000000c2d6d00000)]
  0x00000267c3016000 JavaThread "Unconstrained build operations Thread 11" [_thread_blocked, id=24008, stack(0x000000c2d6d00000,0x000000c2d6e00000)]
  0x00000267c301b000 JavaThread "Unconstrained build operations Thread 12" [_thread_blocked, id=28612, stack(0x000000c2d6e00000,0x000000c2d6f00000)]
  0x00000267c301a000 JavaThread "Unconstrained build operations Thread 13" [_thread_blocked, id=2256, stack(0x000000c2d6f00000,0x000000c2d7000000)]
  0x00000267c3018800 JavaThread "Unconstrained build operations Thread 14" [_thread_blocked, id=33868, stack(0x000000c2d7000000,0x000000c2d7100000)]
  0x00000267c3021800 JavaThread "Unconstrained build operations Thread 15" [_thread_blocked, id=23800, stack(0x000000c2d7100000,0x000000c2d7200000)]
  0x00000267c301c000 JavaThread "Unconstrained build operations Thread 16" [_thread_blocked, id=41488, stack(0x000000c2d7200000,0x000000c2d7300000)]
  0x00000267c301d800 JavaThread "Unconstrained build operations Thread 17" [_thread_blocked, id=17936, stack(0x000000c2d7300000,0x000000c2d7400000)]
  0x00000267c301f000 JavaThread "Unconstrained build operations Thread 18" [_thread_blocked, id=40220, stack(0x000000c2d7400000,0x000000c2d7500000)]
  0x00000267c3020000 JavaThread "Unconstrained build operations Thread 19" [_thread_blocked, id=37876, stack(0x000000c2d7500000,0x000000c2d7600000)]
  0x00000267c3022800 JavaThread "Unconstrained build operations Thread 20" [_thread_blocked, id=10044, stack(0x000000c2d7600000,0x000000c2d7700000)]
  0x00000267c301e800 JavaThread "Unconstrained build operations Thread 21" [_thread_blocked, id=37732, stack(0x000000c2d7700000,0x000000c2d7800000)]
  0x00000267c301c800 JavaThread "Unconstrained build operations Thread 22" [_thread_blocked, id=12396, stack(0x000000c2d7800000,0x000000c2d7900000)]
  0x00000267c3023000 JavaThread "Unconstrained build operations Thread 23" [_thread_blocked, id=10764, stack(0x000000c2d7900000,0x000000c2d7a00000)]
  0x00000267c5e98000 JavaThread "Unconstrained build operations Thread 24" [_thread_blocked, id=36504, stack(0x000000c2d7a00000,0x000000c2d7b00000)]
  0x00000267c5e99800 JavaThread "Unconstrained build operations Thread 25" [_thread_blocked, id=16516, stack(0x000000c2d7b00000,0x000000c2d7c00000)]
  0x00000267c5e9a800 JavaThread "Unconstrained build operations Thread 26" [_thread_blocked, id=41824, stack(0x000000c2d7c00000,0x000000c2d7d00000)]
  0x00000267c5e9e800 JavaThread "Unconstrained build operations Thread 27" [_thread_blocked, id=1700, stack(0x000000c2d7d00000,0x000000c2d7e00000)]
  0x00000267c5e9b000 JavaThread "Unconstrained build operations Thread 28" [_thread_blocked, id=36608, stack(0x000000c2d7e00000,0x000000c2d7f00000)]
  0x00000267c5e9c000 JavaThread "Unconstrained build operations Thread 29" [_thread_blocked, id=8516, stack(0x000000c2d7f00000,0x000000c2d8000000)]
  0x00000267c5e9d800 JavaThread "Unconstrained build operations Thread 30" [_thread_blocked, id=36488, stack(0x000000c2d8000000,0x000000c2d8100000)]
  0x00000267c5e98800 JavaThread "Unconstrained build operations Thread 31" [_thread_blocked, id=38368, stack(0x000000c2d8100000,0x000000c2d8200000)]
  0x00000267c5ea2800 JavaThread "Unconstrained build operations Thread 32" [_thread_blocked, id=41296, stack(0x000000c2d8200000,0x000000c2d8300000)]
  0x00000267c5e9f000 JavaThread "Unconstrained build operations Thread 33" [_thread_blocked, id=41112, stack(0x000000c2d8300000,0x000000c2d8400000)]
  0x00000267c5ea1800 JavaThread "Unconstrained build operations Thread 34" [_thread_blocked, id=2980, stack(0x000000c2d8400000,0x000000c2d8500000)]
  0x00000267c5ea5000 JavaThread "Unconstrained build operations Thread 35" [_thread_blocked, id=296, stack(0x000000c2d8500000,0x000000c2d8600000)]
  0x00000267c5ea3800 JavaThread "Unconstrained build operations Thread 36" [_thread_blocked, id=38196, stack(0x000000c2d8600000,0x000000c2d8700000)]
  0x00000267c5ea4000 JavaThread "Unconstrained build operations Thread 37" [_thread_blocked, id=13804, stack(0x000000c2d8700000,0x000000c2d8800000)]
  0x00000267c5ea1000 JavaThread "Unconstrained build operations Thread 38" [_thread_blocked, id=41700, stack(0x000000c2d8800000,0x000000c2d8900000)]
  0x00000267c5ea6000 JavaThread "Unconstrained build operations Thread 39" [_thread_blocked, id=29172, stack(0x000000c2d8900000,0x000000c2d8a00000)]
  0x00000267c5ea0000 JavaThread "Unconstrained build operations Thread 40" [_thread_blocked, id=37536, stack(0x000000c2d8a00000,0x000000c2d8b00000)]
  0x00000267c5ea6800 JavaThread "Unconstrained build operations Thread 41" [_thread_blocked, id=35384, stack(0x000000c2d8b00000,0x000000c2d8c00000)]
  0x00000267c5ca0000 JavaThread "Unconstrained build operations Thread 42" [_thread_blocked, id=6860, stack(0x000000c2d8c00000,0x000000c2d8d00000)]
  0x00000267c5ca0800 JavaThread "Unconstrained build operations Thread 43" [_thread_blocked, id=40092, stack(0x000000c2d8d00000,0x000000c2d8e00000)]
  0x00000267c5c9f000 JavaThread "Unconstrained build operations Thread 44" [_thread_blocked, id=34996, stack(0x000000c2d8e00000,0x000000c2d8f00000)]
  0x00000267c5ca5800 JavaThread "Unconstrained build operations Thread 45" [_thread_blocked, id=26376, stack(0x000000c2d8f00000,0x000000c2d9000000)]
  0x00000267c5ca6800 JavaThread "Unconstrained build operations Thread 46" [_thread_blocked, id=36508, stack(0x000000c2d9000000,0x000000c2d9100000)]
  0x00000267c5ca7000 JavaThread "Unconstrained build operations Thread 47" [_thread_blocked, id=32804, stack(0x000000c2d9100000,0x000000c2d9200000)]
  0x00000267c5ca1800 JavaThread "Unconstrained build operations Thread 48" [_thread_blocked, id=37748, stack(0x000000c2d9200000,0x000000c2d9300000)]
  0x00000267c5caa800 JavaThread "Unconstrained build operations Thread 49" [_thread_blocked, id=29820, stack(0x000000c2d9300000,0x000000c2d9400000)]
  0x00000267c5cac000 JavaThread "Unconstrained build operations Thread 50" [_thread_blocked, id=39488, stack(0x000000c2d9400000,0x000000c2d9500000)]
  0x00000267c5cad800 JavaThread "Unconstrained build operations Thread 51" [_thread_blocked, id=18952, stack(0x000000c2d9500000,0x000000c2d9600000)]
  0x00000267c5ca9800 JavaThread "Unconstrained build operations Thread 52" [_thread_blocked, id=39320, stack(0x000000c2d9600000,0x000000c2d9700000)]
  0x00000267c5cab800 JavaThread "Unconstrained build operations Thread 53" [_thread_blocked, id=34976, stack(0x000000c2d9700000,0x000000c2d9800000)]
  0x00000267c5cad000 JavaThread "Unconstrained build operations Thread 54" [_thread_blocked, id=29392, stack(0x000000c2d9800000,0x000000c2d9900000)]
  0x00000267c5ca8000 JavaThread "Unconstrained build operations Thread 55" [_thread_blocked, id=41068, stack(0x000000c2d9900000,0x000000c2d9a00000)]
  0x00000267c5ca9000 JavaThread "Unconstrained build operations Thread 56" [_thread_blocked, id=604, stack(0x000000c2d9a00000,0x000000c2d9b00000)]
  0x00000267c48c8000 JavaThread "Unconstrained build operations Thread 57" [_thread_blocked, id=29564, stack(0x000000c2d9b00000,0x000000c2d9c00000)]
  0x00000267c48c2800 JavaThread "Unconstrained build operations Thread 58" [_thread_blocked, id=39056, stack(0x000000c2d9c00000,0x000000c2d9d00000)]
  0x00000267c48c3800 JavaThread "Unconstrained build operations Thread 59" [_thread_blocked, id=23308, stack(0x000000c2d9d00000,0x000000c2d9e00000)]
  0x00000267c48cc800 JavaThread "Unconstrained build operations Thread 60" [_thread_blocked, id=40520, stack(0x000000c2d9e00000,0x000000c2d9f00000)]
  0x00000267c48ce000 JavaThread "Unconstrained build operations Thread 61" [_thread_blocked, id=39264, stack(0x000000c2d9f00000,0x000000c2da000000)]
  0x00000267c48cd000 JavaThread "Unconstrained build operations Thread 62" [_thread_blocked, id=31320, stack(0x000000c2da000000,0x000000c2da100000)]
  0x00000267c48cb800 JavaThread "Unconstrained build operations Thread 63" [_thread_blocked, id=36416, stack(0x000000c2da100000,0x000000c2da200000)]
  0x00000267c48cf000 JavaThread "Unconstrained build operations Thread 64" [_thread_blocked, id=20696, stack(0x000000c2da200000,0x000000c2da300000)]
  0x00000267c259e000 JavaThread "Unconstrained build operations Thread 65" [_thread_blocked, id=32932, stack(0x000000c2da300000,0x000000c2da400000)]
  0x00000267c259f800 JavaThread "Unconstrained build operations Thread 66" [_thread_blocked, id=10216, stack(0x000000c2da400000,0x000000c2da500000)]
  0x00000267c4826800 JavaThread "Unconstrained build operations Thread 67" [_thread_blocked, id=25364, stack(0x000000c2da500000,0x000000c2da600000)]
  0x00000267c4829000 JavaThread "Unconstrained build operations Thread 68" [_thread_blocked, id=19176, stack(0x000000c2da600000,0x000000c2da700000)]
  0x00000267c482d800 JavaThread "Unconstrained build operations Thread 69" [_thread_blocked, id=28204, stack(0x000000c2da700000,0x000000c2da800000)]
  0x00000267c4828800 JavaThread "Unconstrained build operations Thread 70" [_thread_blocked, id=38384, stack(0x000000c2da800000,0x000000c2da900000)]
  0x00000267c482a000 JavaThread "Unconstrained build operations Thread 71" [_thread_blocked, id=34536, stack(0x000000c2da900000,0x000000c2daa00000)]
  0x00000267c482b000 JavaThread "Unconstrained build operations Thread 72" [_thread_blocked, id=41624, stack(0x000000c2daa00000,0x000000c2dab00000)]
  0x00000267c482b800 JavaThread "Unconstrained build operations Thread 73" [_thread_blocked, id=40528, stack(0x000000c2dab00000,0x000000c2dac00000)]
  0x00000267c4827800 JavaThread "Unconstrained build operations Thread 74" [_thread_blocked, id=14484, stack(0x000000c2dac00000,0x000000c2dad00000)]
  0x00000267c482c800 JavaThread "Unconstrained build operations Thread 75" [_thread_blocked, id=27088, stack(0x000000c2dad00000,0x000000c2dae00000)]
  0x00000267c482f800 JavaThread "Unconstrained build operations Thread 76" [_thread_blocked, id=11928, stack(0x000000c2dae00000,0x000000c2daf00000)]
  0x00000267c4830800 JavaThread "Unconstrained build operations Thread 77" [_thread_blocked, id=30040, stack(0x000000c2daf00000,0x000000c2db000000)]
  0x00000267c482e000 JavaThread "Unconstrained build operations Thread 78" [_thread_blocked, id=38264, stack(0x000000c2db000000,0x000000c2db100000)]
  0x00000267c4834800 JavaThread "Unconstrained build operations Thread 79" [_thread_blocked, id=26908, stack(0x000000c2db300000,0x000000c2db400000)]
  0x00000267c4831800 JavaThread "Unconstrained build operations Thread 80" [_thread_blocked, id=34600, stack(0x000000c2db400000,0x000000c2db500000)]
  0x00000267c4832000 JavaThread "pool-12-thread-1" [_thread_blocked, id=36756, stack(0x000000c2db500000,0x000000c2db600000)]
  0x00000267c6221800 JavaThread "Cache worker for execution history cache (D:\LocAlarm\.gradle\7.3.3\executionHistory)" [_thread_blocked, id=34144, stack(0x000000c2dbf00000,0x000000c2dc000000)]

Other Threads:
  0x00000267c00a1800 VMThread "VM Thread" [stack: 0x000000c2d3200000,0x000000c2d3300000] [id=38204]
  0x00000267c0bca000 WatcherThread [stack: 0x000000c2d3c00000,0x000000c2d3d00000] [id=26300]
  0x00000267a5474800 GCTaskThread "GC Thread#0" [stack: 0x000000c2d2d00000,0x000000c2d2e00000] [id=28192]
  0x00000267c13f8000 GCTaskThread "GC Thread#1" [stack: 0x000000c2d3e00000,0x000000c2d3f00000] [id=32736]
  0x00000267c21e7800 GCTaskThread "GC Thread#2" [stack: 0x000000c2d4800000,0x000000c2d4900000] [id=952]
  0x00000267c2e5f000 GCTaskThread "GC Thread#3" [stack: 0x000000c2d4900000,0x000000c2d4a00000] [id=12332]
  0x00000267c2017800 GCTaskThread "GC Thread#4" [stack: 0x000000c2d4a00000,0x000000c2d4b00000] [id=2828]
  0x00000267c2bf3000 GCTaskThread "GC Thread#5" [stack: 0x000000c2d4b00000,0x000000c2d4c00000] [id=34476]
  0x00000267c2bf3800 GCTaskThread "GC Thread#6" [stack: 0x000000c2d4c00000,0x000000c2d4d00000] [id=15016]
  0x00000267c24e7000 GCTaskThread "GC Thread#7" [stack: 0x000000c2d4d00000,0x000000c2d4e00000] [id=26468]
  0x00000267a54a9800 ConcurrentGCThread "G1 Main Marker" [stack: 0x000000c2d2e00000,0x000000c2d2f00000] [id=11668]
  0x00000267a54aa800 ConcurrentGCThread "G1 Conc#0" [stack: 0x000000c2d2f00000,0x000000c2d3000000] [id=17680]
  0x00000267c218c800 ConcurrentGCThread "G1 Conc#1" [stack: 0x000000c2d5000000,0x000000c2d5100000] [id=34428]
  0x00000267bfef0800 ConcurrentGCThread "G1 Refine#0" [stack: 0x000000c2d3000000,0x000000c2d3100000] [id=28712]
  0x00000267cb437000 ConcurrentGCThread "G1 Refine#1" [stack: 0x000000c2d4300000,0x000000c2d4400000] [id=31780]
  0x00000267cb438800 ConcurrentGCThread "G1 Refine#2" [stack: 0x000000c2d4400000,0x000000c2d4500000] [id=38752]
  0x00000267bfef1800 ConcurrentGCThread "G1 Young RemSet Sampling" [stack: 0x000000c2d3100000,0x000000c2d3200000] [id=38396]

Threads with active compile tasks:
C2 CompilerThread03392197 14334       4       kotlin.collections.CollectionsKt___CollectionsKt::joinTo (156 bytes)

VM state:not at safepoint (normal execution)

VM Mutex/Monitor currently owned by a thread: None

Heap address: 0x0000000080000000, size: 2048 MB, Compressed Oops mode: 32-bit
Narrow klass base: 0x0000000000000000, Narrow klass shift: 3
Compressed class space size: 1073741824 Address: 0x0000000100000000

Heap:
 garbage-first heap   total 220160K, used 152759K [0x0000000080000000, 0x0000000100000000)
  region size 1024K, 40 young (40960K), 2 survivors (2048K)
 Metaspace       used 102303K, capacity 104965K, committed 105292K, reserved 1140736K
  class space    used 12618K, capacity 13544K, committed 13644K, reserved 1048576K
Heap Regions: E=young(eden), S=young(survivor), O=old, HS=humongous(starts), HC=humongous(continues), CS=collection set, F=free, A=archive, TAMS=top-at-mark-start (previous, next)
|   0|0x0000000080000000, 0x0000000080100000, 0x0000000080100000|100%| O|  |TAMS 0x0000000080100000, 0x0000000080000000| Untracked 
|   1|0x0000000080100000, 0x0000000080200000, 0x0000000080200000|100%| O|  |TAMS 0x0000000080200000, 0x0000000080100000| Untracked 
|   2|0x0000000080200000, 0x0000000080300000, 0x0000000080300000|100%| O|  |TAMS 0x0000000080300000, 0x0000000080200000| Untracked 
|   3|0x0000000080300000, 0x0000000080400000, 0x0000000080400000|100%|HS|  |TAMS 0x0000000080400000, 0x0000000080300000| Complete 
|   4|0x0000000080400000, 0x0000000080500000, 0x0000000080500000|100%|HC|  |TAMS 0x0000000080500000, 0x0000000080400000| Complete 
|   5|0x0000000080500000, 0x0000000080600000, 0x0000000080600000|100%|HC|  |TAMS 0x0000000080600000, 0x0000000080500000| Complete 
|   6|0x0000000080600000, 0x0000000080700000, 0x0000000080700000|100%| O|  |TAMS 0x0000000080700000, 0x0000000080600000| Untracked 
|   7|0x0000000080700000, 0x0000000080800000, 0x0000000080800000|100%| O|  |TAMS 0x0000000080800000, 0x0000000080700000| Untracked 
|   8|0x0000000080800000, 0x0000000080900000, 0x0000000080900000|100%| O|  |TAMS 0x0000000080900000, 0x0000000080800000| Untracked 
|   9|0x0000000080900000, 0x0000000080a00000, 0x0000000080a00000|100%| O|  |TAMS 0x0000000080a00000, 0x0000000080900000| Untracked 
|  10|0x0000000080a00000, 0x0000000080b00000, 0x0000000080b00000|100%| O|  |TAMS 0x0000000080b00000, 0x0000000080a00000| Untracked 
|  11|0x0000000080b00000, 0x0000000080c00000, 0x0000000080c00000|100%| O|  |TAMS 0x0000000080c00000, 0x0000000080b00000| Untracked 
|  12|0x0000000080c00000, 0x0000000080d00000, 0x0000000080d00000|100%| O|  |TAMS 0x0000000080d00000, 0x0000000080c00000| Untracked 
|  13|0x0000000080d00000, 0x0000000080e00000, 0x0000000080e00000|100%| O|  |TAMS 0x0000000080e00000, 0x0000000080d00000| Untracked 
|  14|0x0000000080e00000, 0x0000000080f00000, 0x0000000080f00000|100%| O|  |TAMS 0x0000000080f00000, 0x0000000080e00000| Untracked 
|  15|0x0000000080f00000, 0x0000000081000000, 0x0000000081000000|100%| O|  |TAMS 0x0000000081000000, 0x0000000080f00000| Untracked 
|  16|0x0000000081000000, 0x0000000081100000, 0x0000000081100000|100%|HS|  |TAMS 0x0000000081100000, 0x0000000081000000| Complete 
|  17|0x0000000081100000, 0x0000000081200000, 0x0000000081200000|100%|HC|  |TAMS 0x0000000081200000, 0x0000000081100000| Complete 
|  18|0x0000000081200000, 0x0000000081300000, 0x0000000081300000|100%|HS|  |TAMS 0x0000000081300000, 0x0000000081200000| Complete 
|  19|0x0000000081300000, 0x0000000081400000, 0x0000000081400000|100%|HC|  |TAMS 0x0000000081400000, 0x0000000081300000| Complete 
|  20|0x0000000081400000, 0x0000000081500000, 0x0000000081500000|100%|HC|  |TAMS 0x0000000081500000, 0x0000000081400000| Complete 
|  21|0x0000000081500000, 0x0000000081600000, 0x0000000081600000|100%|HS|  |TAMS 0x0000000081600000, 0x0000000081500000| Complete 
|  22|0x0000000081600000, 0x0000000081700000, 0x0000000081700000|100%|HS|  |TAMS 0x0000000081700000, 0x0000000081600000| Complete 
|  23|0x0000000081700000, 0x0000000081800000, 0x0000000081800000|100%|HC|  |TAMS 0x0000000081800000, 0x0000000081700000| Complete 
|  24|0x0000000081800000, 0x0000000081900000, 0x0000000081900000|100%|HC|  |TAMS 0x0000000081900000, 0x0000000081800000| Complete 
|  25|0x0000000081900000, 0x0000000081a00000, 0x0000000081a00000|100%|HC|  |TAMS 0x0000000081a00000, 0x0000000081900000| Complete 
|  26|0x0000000081a00000, 0x0000000081b00000, 0x0000000081b00000|100%| O|  |TAMS 0x0000000081b00000, 0x0000000081a00000| Untracked 
|  27|0x0000000081b00000, 0x0000000081c00000, 0x0000000081c00000|100%| O|  |TAMS 0x0000000081c00000, 0x0000000081b00000| Untracked 
|  28|0x0000000081c00000, 0x0000000081d00000, 0x0000000081d00000|100%| O|  |TAMS 0x0000000081d00000, 0x0000000081c00000| Untracked 
|  29|0x0000000081d00000, 0x0000000081e00000, 0x0000000081e00000|100%| O|  |TAMS 0x0000000081e00000, 0x0000000081d00000| Untracked 
|  30|0x0000000081e00000, 0x0000000081f00000, 0x0000000081f00000|100%| O|  |TAMS 0x0000000081f00000, 0x0000000081e00000| Untracked 
|  31|0x0000000081f00000, 0x0000000082000000, 0x0000000082000000|100%| O|  |TAMS 0x0000000082000000, 0x0000000081f00000| Untracked 
|  32|0x0000000082000000, 0x0000000082100000, 0x0000000082100000|100%| O|  |TAMS 0x0000000082100000, 0x0000000082000000| Untracked 
|  33|0x0000000082100000, 0x0000000082200000, 0x0000000082200000|100%| O|  |TAMS 0x0000000082200000, 0x0000000082100000| Untracked 
|  34|0x0000000082200000, 0x0000000082300000, 0x0000000082300000|100%|HS|  |TAMS 0x0000000082300000, 0x0000000082200000| Complete 
|  35|0x0000000082300000, 0x0000000082400000, 0x0000000082400000|100%|HS|  |TAMS 0x0000000082400000, 0x0000000082300000| Complete 
|  36|0x0000000082400000, 0x0000000082500000, 0x0000000082500000|100%|HC|  |TAMS 0x0000000082500000, 0x0000000082400000| Complete 
|  37|0x0000000082500000, 0x0000000082600000, 0x0000000082600000|100%|HC|  |TAMS 0x0000000082600000, 0x0000000082500000| Complete 
|  38|0x0000000082600000, 0x0000000082700000, 0x0000000082700000|100%| O|  |TAMS 0x0000000082700000, 0x0000000082600000| Untracked 
|  39|0x0000000082700000, 0x0000000082800000, 0x0000000082800000|100%| O|  |TAMS 0x0000000082800000, 0x0000000082700000| Untracked 
|  40|0x0000000082800000, 0x0000000082900000, 0x0000000082900000|100%| O|  |TAMS 0x0000000082900000, 0x0000000082800000| Untracked 
|  41|0x0000000082900000, 0x0000000082a00000, 0x0000000082a00000|100%| O|  |TAMS 0x0000000082a00000, 0x0000000082900000| Untracked 
|  42|0x0000000082a00000, 0x0000000082b00000, 0x0000000082b00000|100%| O|  |TAMS 0x0000000082b00000, 0x0000000082a00000| Untracked 
|  43|0x0000000082b00000, 0x0000000082c00000, 0x0000000082c00000|100%| O|  |TAMS 0x0000000082c00000, 0x0000000082b00000| Untracked 
|  44|0x0000000082c00000, 0x0000000082d00000, 0x0000000082d00000|100%|HS|  |TAMS 0x0000000082d00000, 0x0000000082c00000| Complete 
|  45|0x0000000082d00000, 0x0000000082e00000, 0x0000000082e00000|100%|HC|  |TAMS 0x0000000082e00000, 0x0000000082d00000| Complete 
|  46|0x0000000082e00000, 0x0000000082f00000, 0x0000000082f00000|100%|HC|  |TAMS 0x0000000082f00000, 0x0000000082e00000| Complete 
|  47|0x0000000082f00000, 0x0000000083000000, 0x0000000083000000|100%|HC|  |TAMS 0x0000000083000000, 0x0000000082f00000| Complete 
|  48|0x0000000083000000, 0x0000000083100000, 0x0000000083100000|100%| O|  |TAMS 0x0000000083100000, 0x0000000083000000| Untracked 
|  49|0x0000000083100000, 0x0000000083200000, 0x0000000083200000|100%| O|  |TAMS 0x0000000083200000, 0x0000000083100000| Untracked 
|  50|0x0000000083200000, 0x0000000083300000, 0x0000000083300000|100%| O|  |TAMS 0x0000000083300000, 0x0000000083200000| Untracked 
|  51|0x0000000083300000, 0x0000000083400000, 0x0000000083400000|100%| O|  |TAMS 0x0000000083400000, 0x0000000083300000| Untracked 
|  52|0x0000000083400000, 0x0000000083500000, 0x0000000083500000|100%| O|  |TAMS 0x0000000083500000, 0x0000000083400000| Untracked 
|  53|0x0000000083500000, 0x0000000083500000, 0x0000000083600000|  0%| F|  |TAMS 0x0000000083500000, 0x0000000083500000| Untracked 
|  54|0x0000000083600000, 0x0000000083600000, 0x0000000083700000|  0%| F|  |TAMS 0x0000000083600000, 0x0000000083600000| Untracked 
|  55|0x0000000083700000, 0x0000000083800000, 0x0000000083800000|100%|HS|  |TAMS 0x0000000083800000, 0x0000000083700000| Complete 
|  56|0x0000000083800000, 0x0000000083900000, 0x0000000083900000|100%|HS|  |TAMS 0x0000000083900000, 0x0000000083800000| Complete 
|  57|0x0000000083900000, 0x0000000083a00000, 0x0000000083a00000|100%|HS|  |TAMS 0x0000000083a00000, 0x0000000083900000| Complete 
|  58|0x0000000083a00000, 0x0000000083b00000, 0x0000000083b00000|100%|HC|  |TAMS 0x0000000083b00000, 0x0000000083a00000| Complete 
|  59|0x0000000083b00000, 0x0000000083b00000, 0x0000000083c00000|  0%| F|  |TAMS 0x0000000083b00000, 0x0000000083b00000| Untracked 
|  60|0x0000000083c00000, 0x0000000083d00000, 0x0000000083d00000|100%| O|  |TAMS 0x0000000083d00000, 0x0000000083c00000| Untracked 
|  61|0x0000000083d00000, 0x0000000083e00000, 0x0000000083e00000|100%| O|  |TAMS 0x0000000083e00000, 0x0000000083d00000| Untracked 
|  62|0x0000000083e00000, 0x0000000083f00000, 0x0000000083f00000|100%| O|  |TAMS 0x0000000083f00000, 0x0000000083e00000| Untracked 
|  63|0x0000000083f00000, 0x0000000084000000, 0x0000000084000000|100%| O|  |TAMS 0x0000000084000000, 0x0000000083f00000| Untracked 
|  64|0x0000000084000000, 0x0000000084100000, 0x0000000084100000|100%| O|  |TAMS 0x0000000084100000, 0x0000000084000000| Untracked 
|  65|0x0000000084100000, 0x0000000084200000, 0x0000000084200000|100%| O|  |TAMS 0x0000000084200000, 0x0000000084100000| Untracked 
|  66|0x0000000084200000, 0x0000000084300000, 0x0000000084300000|100%| O|  |TAMS 0x0000000084300000, 0x0000000084200000| Untracked 
|  67|0x0000000084300000, 0x0000000084400000, 0x0000000084400000|100%| O|  |TAMS 0x0000000084400000, 0x0000000084300000| Untracked 
|  68|0x0000000084400000, 0x0000000084500000, 0x0000000084500000|100%| O|  |TAMS 0x0000000084500000, 0x0000000084400000| Untracked 
|  69|0x0000000084500000, 0x0000000084600000, 0x0000000084600000|100%| O|  |TAMS 0x0000000084600000, 0x0000000084500000| Untracked 
|  70|0x0000000084600000, 0x0000000084700000, 0x0000000084700000|100%| O|  |TAMS 0x0000000084700000, 0x0000000084600000| Untracked 
|  71|0x0000000084700000, 0x0000000084800000, 0x0000000084800000|100%| O|  |TAMS 0x0000000084800000, 0x0000000084700000| Untracked 
|  72|0x0000000084800000, 0x0000000084900000, 0x0000000084900000|100%| O|  |TAMS 0x0000000084900000, 0x0000000084800000| Untracked 
|  73|0x0000000084900000, 0x0000000084a00000, 0x0000000084a00000|100%| O|  |TAMS 0x0000000084a00000, 0x0000000084900000| Untracked 
|  74|0x0000000084a00000, 0x0000000084a00000, 0x0000000084b00000|  0%| F|  |TAMS 0x0000000084a00000, 0x0000000084a00000| Untracked 
|  75|0x0000000084b00000, 0x0000000084b00000, 0x0000000084c00000|  0%| F|  |TAMS 0x0000000084b00000, 0x0000000084b00000| Untracked 
|  76|0x0000000084c00000, 0x0000000084d00000, 0x0000000084d00000|100%| O|  |TAMS 0x0000000084d00000, 0x0000000084c00000| Untracked 
|  77|0x0000000084d00000, 0x0000000084e00000, 0x0000000084e00000|100%| O|  |TAMS 0x0000000084e00000, 0x0000000084d00000| Untracked 
|  78|0x0000000084e00000, 0x0000000084f00000, 0x0000000084f00000|100%|HS|  |TAMS 0x0000000084f00000, 0x0000000084e00000| Complete 
|  79|0x0000000084f00000, 0x0000000085000000, 0x0000000085000000|100%|HC|  |TAMS 0x0000000085000000, 0x0000000084f00000| Complete 
|  80|0x0000000085000000, 0x0000000085100000, 0x0000000085100000|100%| O|  |TAMS 0x0000000085100000, 0x0000000085000000| Untracked 
|  81|0x0000000085100000, 0x0000000085200000, 0x0000000085200000|100%| O|  |TAMS 0x0000000085200000, 0x0000000085100000| Untracked 
|  82|0x0000000085200000, 0x0000000085300000, 0x0000000085300000|100%|HS|  |TAMS 0x0000000085300000, 0x0000000085200000| Complete 
|  83|0x0000000085300000, 0x0000000085400000, 0x0000000085400000|100%|HC|  |TAMS 0x0000000085400000, 0x0000000085300000| Complete 
|  84|0x0000000085400000, 0x0000000085500000, 0x0000000085500000|100%|HC|  |TAMS 0x0000000085500000, 0x0000000085400000| Complete 
|  85|0x0000000085500000, 0x0000000085600000, 0x0000000085600000|100%|HS|  |TAMS 0x0000000085600000, 0x0000000085500000| Complete 
|  86|0x0000000085600000, 0x0000000085700000, 0x0000000085700000|100%|HS|  |TAMS 0x0000000085700000, 0x0000000085600000| Complete 
|  87|0x0000000085700000, 0x0000000085800000, 0x0000000085800000|100%|HC|  |TAMS 0x0000000085800000, 0x0000000085700000| Complete 
|  88|0x0000000085800000, 0x0000000085900000, 0x0000000085900000|100%|HC|  |TAMS 0x0000000085900000, 0x0000000085800000| Complete 
|  89|0x0000000085900000, 0x0000000085a00000, 0x0000000085a00000|100%|HC|  |TAMS 0x0000000085a00000, 0x0000000085900000| Complete 
|  90|0x0000000085a00000, 0x0000000085a00000, 0x0000000085b00000|  0%| F|  |TAMS 0x0000000085a00000, 0x0000000085a00000| Untracked 
|  91|0x0000000085b00000, 0x0000000085b00000, 0x0000000085c00000|  0%| F|  |TAMS 0x0000000085b00000, 0x0000000085b00000| Untracked 
|  92|0x0000000085c00000, 0x0000000085c00000, 0x0000000085d00000|  0%| F|  |TAMS 0x0000000085c00000, 0x0000000085c00000| Untracked 
|  93|0x0000000085d00000, 0x0000000085e00000, 0x0000000085e00000|100%| O|  |TAMS 0x0000000085e00000, 0x0000000085d00000| Untracked 
|  94|0x0000000085e00000, 0x0000000085f00000, 0x0000000085f00000|100%| O|  |TAMS 0x0000000085f00000, 0x0000000085e00000| Untracked 
|  95|0x0000000085f00000, 0x0000000085f00000, 0x0000000086000000|  0%| F|  |TAMS 0x0000000085f00000, 0x0000000085f00000| Untracked 
|  96|0x0000000086000000, 0x0000000086100000, 0x0000000086100000|100%| O|  |TAMS 0x0000000086100000, 0x0000000086000000| Untracked 
|  97|0x0000000086100000, 0x0000000086200000, 0x0000000086200000|100%| O|  |TAMS 0x0000000086200000, 0x0000000086100000| Untracked 
|  98|0x0000000086200000, 0x0000000086300000, 0x0000000086300000|100%| O|  |TAMS 0x0000000086300000, 0x0000000086200000| Untracked 
|  99|0x0000000086300000, 0x0000000086400000, 0x0000000086400000|100%| O|  |TAMS 0x0000000086400000, 0x0000000086300000| Untracked 
| 100|0x0000000086400000, 0x0000000086400000, 0x0000000086500000|  0%| F|  |TAMS 0x0000000086400000, 0x0000000086400000| Untracked 
| 101|0x0000000086500000, 0x0000000086500000, 0x0000000086600000|  0%| F|  |TAMS 0x0000000086500000, 0x0000000086500000| Untracked 
| 102|0x0000000086600000, 0x0000000086700000, 0x0000000086700000|100%| O|  |TAMS 0x0000000086700000, 0x0000000086600000| Untracked 
| 103|0x0000000086700000, 0x0000000086800000, 0x0000000086800000|100%| O|  |TAMS 0x0000000086800000, 0x0000000086700000| Untracked 
| 104|0x0000000086800000, 0x0000000086900000, 0x0000000086900000|100%| O|  |TAMS 0x0000000086900000, 0x0000000086800000| Untracked 
| 105|0x0000000086900000, 0x0000000086a00000, 0x0000000086a00000|100%| O|  |TAMS 0x0000000086a00000, 0x0000000086900000| Untracked 
| 106|0x0000000086a00000, 0x0000000086b00000, 0x0000000086b00000|100%| O|  |TAMS 0x0000000086b00000, 0x0000000086a00000| Untracked 
| 107|0x0000000086b00000, 0x0000000086c00000, 0x0000000086c00000|100%| O|  |TAMS 0x0000000086c00000, 0x0000000086b00000| Untracked 
| 108|0x0000000086c00000, 0x0000000086d00000, 0x0000000086d00000|100%| O|  |TAMS 0x0000000086d00000, 0x0000000086c00000| Untracked 
| 109|0x0000000086d00000, 0x0000000086e00000, 0x0000000086e00000|100%| O|  |TAMS 0x0000000086e00000, 0x0000000086d00000| Untracked 
| 110|0x0000000086e00000, 0x0000000086f00000, 0x0000000086f00000|100%| O|  |TAMS 0x0000000086f00000, 0x0000000086e00000| Untracked 
| 111|0x0000000086f00000, 0x0000000086f00000, 0x0000000087000000|  0%| F|  |TAMS 0x0000000086f00000, 0x0000000086f00000| Untracked 
| 112|0x0000000087000000, 0x0000000087000000, 0x0000000087100000|  0%| F|  |TAMS 0x0000000087000000, 0x0000000087000000| Untracked 
| 113|0x0000000087100000, 0x0000000087100000, 0x0000000087200000|  0%| F|  |TAMS 0x0000000087100000, 0x0000000087100000| Untracked 
| 114|0x0000000087200000, 0x0000000087200000, 0x0000000087300000|  0%| F|  |TAMS 0x0000000087200000, 0x0000000087200000| Untracked 
| 115|0x0000000087300000, 0x0000000087400000, 0x0000000087400000|100%| O|  |TAMS 0x000000008738d600, 0x0000000087300000| Untracked 
| 116|0x0000000087400000, 0x0000000087500000, 0x0000000087500000|100%| O|  |TAMS 0x0000000087400000, 0x0000000087400000| Untracked 
| 117|0x0000000087500000, 0x0000000087600000, 0x0000000087600000|100%| O|  |TAMS 0x0000000087500000, 0x0000000087500000| Untracked 
| 118|0x0000000087600000, 0x0000000087700000, 0x0000000087700000|100%| O|  |TAMS 0x0000000087600000, 0x0000000087600000| Untracked 
| 119|0x0000000087700000, 0x0000000087800000, 0x0000000087800000|100%| O|  |TAMS 0x0000000087700000, 0x0000000087700000| Untracked 
| 120|0x0000000087800000, 0x0000000087900000, 0x0000000087900000|100%| O|  |TAMS 0x0000000087800000, 0x0000000087800000| Untracked 
| 121|0x0000000087900000, 0x0000000087a00000, 0x0000000087a00000|100%| O|  |TAMS 0x0000000087900000, 0x0000000087900000| Untracked 
| 122|0x0000000087a00000, 0x0000000087b00000, 0x0000000087b00000|100%| O|  |TAMS 0x0000000087a00000, 0x0000000087a00000| Untracked 
| 123|0x0000000087b00000, 0x0000000087c00000, 0x0000000087c00000|100%| O|  |TAMS 0x0000000087b00000, 0x0000000087b00000| Untracked 
| 124|0x0000000087c00000, 0x0000000087d00000, 0x0000000087d00000|100%| O|  |TAMS 0x0000000087c00000, 0x0000000087c00000| Untracked 
| 125|0x0000000087d00000, 0x0000000087d2dc00, 0x0000000087e00000| 17%| O|  |TAMS 0x0000000087d00000, 0x0000000087d00000| Untracked 
| 126|0x0000000087e00000, 0x0000000087e00000, 0x0000000087f00000|  0%| F|  |TAMS 0x0000000087e00000, 0x0000000087e00000| Untracked 
| 127|0x0000000087f00000, 0x0000000087f00000, 0x0000000088000000|  0%| F|  |TAMS 0x0000000087f00000, 0x0000000087f00000| Untracked 
| 128|0x0000000088000000, 0x0000000088000000, 0x0000000088100000|  0%| F|  |TAMS 0x0000000088000000, 0x0000000088000000| Untracked 
| 129|0x0000000088100000, 0x0000000088100000, 0x0000000088200000|  0%| F|  |TAMS 0x0000000088100000, 0x0000000088100000| Untracked 
| 130|0x0000000088200000, 0x0000000088200000, 0x0000000088300000|  0%| F|  |TAMS 0x0000000088200000, 0x0000000088200000| Untracked 
| 131|0x0000000088300000, 0x0000000088300000, 0x0000000088400000|  0%| F|  |TAMS 0x0000000088300000, 0x0000000088300000| Untracked 
| 132|0x0000000088400000, 0x0000000088400000, 0x0000000088500000|  0%| F|  |TAMS 0x0000000088400000, 0x0000000088400000| Untracked 
| 133|0x0000000088500000, 0x0000000088500000, 0x0000000088600000|  0%| F|  |TAMS 0x0000000088500000, 0x0000000088500000| Untracked 
| 134|0x0000000088600000, 0x0000000088600000, 0x0000000088700000|  0%| F|  |TAMS 0x0000000088600000, 0x0000000088600000| Untracked 
| 135|0x0000000088700000, 0x0000000088700000, 0x0000000088800000|  0%| F|  |TAMS 0x0000000088700000, 0x0000000088700000| Untracked 
| 136|0x0000000088800000, 0x0000000088800000, 0x0000000088900000|  0%| F|  |TAMS 0x0000000088800000, 0x0000000088800000| Untracked 
| 137|0x0000000088900000, 0x0000000088900000, 0x0000000088a00000|  0%| F|  |TAMS 0x0000000088900000, 0x0000000088900000| Untracked 
| 138|0x0000000088a00000, 0x0000000088a00000, 0x0000000088b00000|  0%| F|  |TAMS 0x0000000088a00000, 0x0000000088a00000| Untracked 
| 139|0x0000000088b00000, 0x0000000088b00000, 0x0000000088c00000|  0%| F|  |TAMS 0x0000000088b00000, 0x0000000088b00000| Untracked 
| 140|0x0000000088c00000, 0x0000000088c00000, 0x0000000088d00000|  0%| F|  |TAMS 0x0000000088c00000, 0x0000000088c00000| Untracked 
| 141|0x0000000088d00000, 0x0000000088d00000, 0x0000000088e00000|  0%| F|  |TAMS 0x0000000088d00000, 0x0000000088d00000| Untracked 
| 142|0x0000000088e00000, 0x0000000088e00000, 0x0000000088f00000|  0%| F|  |TAMS 0x0000000088e00000, 0x0000000088e00000| Untracked 
| 143|0x0000000088f00000, 0x0000000088f00000, 0x0000000089000000|  0%| F|  |TAMS 0x0000000088f00000, 0x0000000088f00000| Untracked 
| 144|0x0000000089000000, 0x0000000089000000, 0x0000000089100000|  0%| F|  |TAMS 0x0000000089000000, 0x0000000089000000| Untracked 
| 145|0x0000000089100000, 0x0000000089100000, 0x0000000089200000|  0%| F|  |TAMS 0x0000000089100000, 0x0000000089100000| Untracked 
| 146|0x0000000089200000, 0x0000000089200000, 0x0000000089300000|  0%| F|  |TAMS 0x0000000089200000, 0x0000000089200000| Untracked 
| 147|0x0000000089300000, 0x0000000089300000, 0x0000000089400000|  0%| F|  |TAMS 0x0000000089300000, 0x0000000089300000| Untracked 
| 148|0x0000000089400000, 0x0000000089400000, 0x0000000089500000|  0%| F|  |TAMS 0x0000000089400000, 0x0000000089400000| Untracked 
| 149|0x0000000089500000, 0x0000000089500000, 0x0000000089600000|  0%| F|  |TAMS 0x0000000089500000, 0x0000000089500000| Untracked 
| 150|0x0000000089600000, 0x0000000089600000, 0x0000000089700000|  0%| F|  |TAMS 0x0000000089600000, 0x0000000089600000| Untracked 
| 151|0x0000000089700000, 0x0000000089700000, 0x0000000089800000|  0%| F|  |TAMS 0x0000000089700000, 0x0000000089700000| Untracked 
| 152|0x0000000089800000, 0x0000000089800000, 0x0000000089900000|  0%| F|  |TAMS 0x0000000089800000, 0x0000000089800000| Untracked 
| 153|0x0000000089900000, 0x0000000089900000, 0x0000000089a00000|  0%| F|  |TAMS 0x0000000089900000, 0x0000000089900000| Untracked 
| 154|0x0000000089a00000, 0x0000000089a00000, 0x0000000089b00000|  0%| F|  |TAMS 0x0000000089a00000, 0x0000000089a00000| Untracked 
| 155|0x0000000089b00000, 0x0000000089b00000, 0x0000000089c00000|  0%| F|  |TAMS 0x0000000089b00000, 0x0000000089b00000| Untracked 
| 156|0x0000000089c00000, 0x0000000089c00000, 0x0000000089d00000|  0%| F|  |TAMS 0x0000000089c00000, 0x0000000089c00000| Untracked 
| 157|0x0000000089d00000, 0x0000000089d00000, 0x0000000089e00000|  0%| F|  |TAMS 0x0000000089d00000, 0x0000000089d00000| Untracked 
| 158|0x0000000089e00000, 0x0000000089e00000, 0x0000000089f00000|  0%| F|  |TAMS 0x0000000089e00000, 0x0000000089e00000| Untracked 
| 159|0x0000000089f00000, 0x0000000089f00000, 0x000000008a000000|  0%| F|  |TAMS 0x0000000089f00000, 0x0000000089f00000| Untracked 
| 160|0x000000008a000000, 0x000000008a000000, 0x000000008a100000|  0%| F|  |TAMS 0x000000008a000000, 0x000000008a000000| Untracked 
| 161|0x000000008a100000, 0x000000008a100000, 0x000000008a200000|  0%| F|  |TAMS 0x000000008a100000, 0x000000008a100000| Untracked 
| 162|0x000000008a200000, 0x000000008a200000, 0x000000008a300000|  0%| F|  |TAMS 0x000000008a200000, 0x000000008a200000| Untracked 
| 163|0x000000008a300000, 0x000000008a300000, 0x000000008a400000|  0%| F|  |TAMS 0x000000008a300000, 0x000000008a300000| Untracked 
| 164|0x000000008a400000, 0x000000008a400000, 0x000000008a500000|  0%| F|  |TAMS 0x000000008a400000, 0x000000008a400000| Untracked 
| 165|0x000000008a500000, 0x000000008a500000, 0x000000008a600000|  0%| F|  |TAMS 0x000000008a500000, 0x000000008a500000| Untracked 
| 166|0x000000008a600000, 0x000000008a600000, 0x000000008a700000|  0%| F|  |TAMS 0x000000008a600000, 0x000000008a600000| Untracked 
| 167|0x000000008a700000, 0x000000008a700000, 0x000000008a800000|  0%| F|  |TAMS 0x000000008a700000, 0x000000008a700000| Untracked 
| 168|0x000000008a800000, 0x000000008a800000, 0x000000008a900000|  0%| F|  |TAMS 0x000000008a800000, 0x000000008a800000| Untracked 
| 169|0x000000008a900000, 0x000000008a900000, 0x000000008aa00000|  0%| F|  |TAMS 0x000000008a900000, 0x000000008a900000| Untracked 
| 170|0x000000008aa00000, 0x000000008aa00000, 0x000000008ab00000|  0%| F|  |TAMS 0x000000008aa00000, 0x000000008aa00000| Untracked 
| 171|0x000000008ab00000, 0x000000008ab00000, 0x000000008ac00000|  0%| F|  |TAMS 0x000000008ab00000, 0x000000008ab00000| Untracked 
| 172|0x000000008ac00000, 0x000000008ac00000, 0x000000008ad00000|  0%| F|  |TAMS 0x000000008ac00000, 0x000000008ac00000| Untracked 
| 173|0x000000008ad00000, 0x000000008ad00000, 0x000000008ae00000|  0%| F|  |TAMS 0x000000008ad00000, 0x000000008ad00000| Untracked 
| 174|0x000000008ae00000, 0x000000008ae00000, 0x000000008af00000|  0%| F|  |TAMS 0x000000008ae00000, 0x000000008ae00000| Untracked 
| 175|0x000000008af00000, 0x000000008af70438, 0x000000008b000000| 43%| E|  |TAMS 0x000000008af00000, 0x000000008af00000| Complete 
| 176|0x000000008b000000, 0x000000008b100000, 0x000000008b100000|100%| E|CS|TAMS 0x000000008b000000, 0x000000008b000000| Complete 
| 177|0x000000008b100000, 0x000000008b200000, 0x000000008b200000|100%| E|CS|TAMS 0x000000008b100000, 0x000000008b100000| Complete 
| 178|0x000000008b200000, 0x000000008b300000, 0x000000008b300000|100%| E|CS|TAMS 0x000000008b200000, 0x000000008b200000| Complete 
| 179|0x000000008b300000, 0x000000008b400000, 0x000000008b400000|100%| E|CS|TAMS 0x000000008b300000, 0x000000008b300000| Complete 
| 180|0x000000008b400000, 0x000000008b500000, 0x000000008b500000|100%| E|CS|TAMS 0x000000008b400000, 0x000000008b400000| Complete 
| 181|0x000000008b500000, 0x000000008b600000, 0x000000008b600000|100%| E|CS|TAMS 0x000000008b500000, 0x000000008b500000| Complete 
| 182|0x000000008b600000, 0x000000008b700000, 0x000000008b700000|100%| E|CS|TAMS 0x000000008b600000, 0x000000008b600000| Complete 
| 183|0x000000008b700000, 0x000000008b800000, 0x000000008b800000|100%| E|CS|TAMS 0x000000008b700000, 0x000000008b700000| Complete 
| 184|0x000000008b800000, 0x000000008b900000, 0x000000008b900000|100%| E|CS|TAMS 0x000000008b800000, 0x000000008b800000| Complete 
| 185|0x000000008b900000, 0x000000008ba00000, 0x000000008ba00000|100%| E|CS|TAMS 0x000000008b900000, 0x000000008b900000| Complete 
| 186|0x000000008ba00000, 0x000000008bb00000, 0x000000008bb00000|100%| E|CS|TAMS 0x000000008ba00000, 0x000000008ba00000| Complete 
| 187|0x000000008bb00000, 0x000000008bc00000, 0x000000008bc00000|100%| E|CS|TAMS 0x000000008bb00000, 0x000000008bb00000| Complete 
| 188|0x000000008bc00000, 0x000000008bd00000, 0x000000008bd00000|100%| E|CS|TAMS 0x000000008bc00000, 0x000000008bc00000| Complete 
| 189|0x000000008bd00000, 0x000000008be00000, 0x000000008be00000|100%| E|CS|TAMS 0x000000008bd00000, 0x000000008bd00000| Complete 
| 190|0x000000008be00000, 0x000000008bf00000, 0x000000008bf00000|100%| E|CS|TAMS 0x000000008be00000, 0x000000008be00000| Complete 
| 191|0x000000008bf00000, 0x000000008c000000, 0x000000008c000000|100%| E|CS|TAMS 0x000000008bf00000, 0x000000008bf00000| Complete 
| 192|0x000000008c000000, 0x000000008c100000, 0x000000008c100000|100%| E|CS|TAMS 0x000000008c000000, 0x000000008c000000| Complete 
| 193|0x000000008c100000, 0x000000008c200000, 0x000000008c200000|100%| E|CS|TAMS 0x000000008c100000, 0x000000008c100000| Complete 
| 194|0x000000008c200000, 0x000000008c300000, 0x000000008c300000|100%| E|CS|TAMS 0x000000008c200000, 0x000000008c200000| Complete 
| 195|0x000000008c300000, 0x000000008c400000, 0x000000008c400000|100%| E|CS|TAMS 0x000000008c300000, 0x000000008c300000| Complete 
| 196|0x000000008c400000, 0x000000008c500000, 0x000000008c500000|100%| E|CS|TAMS 0x000000008c400000, 0x000000008c400000| Complete 
| 197|0x000000008c500000, 0x000000008c600000, 0x000000008c600000|100%| E|CS|TAMS 0x000000008c500000, 0x000000008c500000| Complete 
| 198|0x000000008c600000, 0x000000008c700000, 0x000000008c700000|100%| E|CS|TAMS 0x000000008c600000, 0x000000008c600000| Complete 
| 199|0x000000008c700000, 0x000000008c800000, 0x000000008c800000|100%| E|CS|TAMS 0x000000008c700000, 0x000000008c700000| Complete 
| 200|0x000000008c800000, 0x000000008c900000, 0x000000008c900000|100%| E|CS|TAMS 0x000000008c800000, 0x000000008c800000| Complete 
| 201|0x000000008c900000, 0x000000008ca00000, 0x000000008ca00000|100%| E|CS|TAMS 0x000000008c900000, 0x000000008c900000| Complete 
| 202|0x000000008ca00000, 0x000000008cb00000, 0x000000008cb00000|100%| E|CS|TAMS 0x000000008ca00000, 0x000000008ca00000| Complete 
| 203|0x000000008cb00000, 0x000000008cc00000, 0x000000008cc00000|100%| E|CS|TAMS 0x000000008cb00000, 0x000000008cb00000| Complete 
| 204|0x000000008cc00000, 0x000000008cd00000, 0x000000008cd00000|100%| E|CS|TAMS 0x000000008cc00000, 0x000000008cc00000| Complete 
| 205|0x000000008cd00000, 0x000000008ce00000, 0x000000008ce00000|100%| S|CS|TAMS 0x000000008cd00000, 0x000000008cd00000| Complete 
| 206|0x000000008ce00000, 0x000000008cf00000, 0x000000008cf00000|100%| S|CS|TAMS 0x000000008ce00000, 0x000000008ce00000| Complete 
| 207|0x000000008cf00000, 0x000000008d000000, 0x000000008d000000|100%| E|CS|TAMS 0x000000008cf00000, 0x000000008cf00000| Complete 
| 208|0x000000008d000000, 0x000000008d100000, 0x000000008d100000|100%| E|CS|TAMS 0x000000008d000000, 0x000000008d000000| Complete 
| 209|0x000000008d100000, 0x000000008d200000, 0x000000008d200000|100%| E|CS|TAMS 0x000000008d100000, 0x000000008d100000| Complete 
| 210|0x000000008d200000, 0x000000008d300000, 0x000000008d300000|100%| E|CS|TAMS 0x000000008d200000, 0x000000008d200000| Complete 
| 211|0x000000008d300000, 0x000000008d400000, 0x000000008d400000|100%| E|CS|TAMS 0x000000008d300000, 0x000000008d300000| Complete 
| 212|0x000000008d400000, 0x000000008d500000, 0x000000008d500000|100%| E|CS|TAMS 0x000000008d400000, 0x000000008d400000| Complete 
| 213|0x000000008d500000, 0x000000008d600000, 0x000000008d600000|100%| E|CS|TAMS 0x000000008d500000, 0x000000008d500000| Complete 
| 214|0x000000008d600000, 0x000000008d700000, 0x000000008d700000|100%| E|CS|TAMS 0x000000008d600000, 0x000000008d600000| Complete 

Card table byte_map: [0x00000267b8dd0000,0x00000267b91d0000] _byte_map_base: 0x00000267b89d0000

Marking Bits (Prev, Next): (CMBitMap*) 0x00000267a54a0738, (CMBitMap*) 0x00000267a54a0770
 Prev Bits: [0x00000267b95d0000, 0x00000267bb5d0000)
 Next Bits: [0x00000267bb5d0000, 0x00000267bd5d0000)

Polling page: 0x00000267a3b30000

Metaspace:

Usage:
  Non-class:     89.28 MB capacity,    87.58 MB ( 98%) used,     1.41 MB (  2%) free+waste,   288.31 KB ( <1%) overhead. 
      Class:     13.23 MB capacity,    12.32 MB ( 93%) used,   798.71 KB (  6%) free+waste,   126.38 KB ( <1%) overhead. 
       Both:    102.50 MB capacity,    99.91 MB ( 97%) used,     2.19 MB (  2%) free+waste,   414.69 KB ( <1%) overhead. 

Virtual space:
  Non-class space:       90.00 MB reserved,      89.50 MB (>99%) committed 
      Class space:        1.00 GB reserved,      13.32 MB (  1%) committed 
             Both:        1.09 GB reserved,     102.82 MB (  9%) committed 

Chunk freelists:
   Non-Class:  99.00 KB
       Class:  81.00 KB
        Both:  180.00 KB

MaxMetaspaceSize: 17179869184.00 GB
CompressedClassSpaceSize: 1.00 GB
Initial GC threshold: 20.80 MB
Current GC threshold: 170.96 MB
CDS: off

CodeHeap 'non-profiled nmethods': size=120000Kb used=10228Kb max_used=10228Kb free=109771Kb
 bounds [0x00000267b0a40000, 0x00000267b1440000, 0x00000267b7f70000]
CodeHeap 'profiled nmethods': size=120000Kb used=31981Kb max_used=31981Kb free=88018Kb
 bounds [0x00000267a9510000, 0x00000267ab450000, 0x00000267b0a40000]
CodeHeap 'non-nmethods': size=5760Kb used=2423Kb max_used=2519Kb free=3336Kb
 bounds [0x00000267a8f70000, 0x00000267a9200000, 0x00000267a9510000]
 total_blobs=15156 nmethods=14227 adapters=838
 compilation: enabled
              stopped_count=0, restarted_count=0
 full_count=0

Compilation events (20 events):
Event: 3392.124 Thread 0x00000267c00c8800 14322       3       org.gradle.api.internal.AbstractTask::<init> (8 bytes)
Event: 3392.124 Thread 0x00000267c00c8800 nmethod 14322 0x00000267ab447610 code [0x00000267ab4477e0, 0x00000267ab447b18]
Event: 3392.124 Thread 0x00000267c00c8800 14329       3       org.gradle.api.internal.tasks.DefaultTaskContainer::access$500 (4 bytes)
Event: 3392.124 Thread 0x00000267c00c8800 nmethod 14329 0x00000267ab447c10 code [0x00000267ab447dc0, 0x00000267ab447eb8]
Event: 3392.125 Thread 0x00000267c00c8800 14332       3       com.android.tools.idea.gradle.project.sync.ModelCacheV2ImplKt::modelCacheV2Impl$sourceProviderFrom$makeRelativeAndDeduplicate-11 (106 bytes)
Event: 3392.126 Thread 0x00000267c00c6800 nmethod 14331 0x00000267b143af10 code [0x00000267b143b100, 0x00000267b143b410]
Event: 3392.126 Thread 0x00000267c00c6800 14333       4       java.io.File::getParent (65 bytes)
Event: 3392.127 Thread 0x00000267c00c8800 nmethod 14332 0x00000267ab447f90 code [0x00000267ab448320, 0x00000267ab449b48]
Event: 3392.135 Thread 0x00000267c00c6800 nmethod 14333 0x00000267b143b710 code [0x00000267b143b8c0, 0x00000267b143bef8]
Event: 3392.135 Thread 0x00000267c00c6800 14334       4       kotlin.collections.CollectionsKt___CollectionsKt::joinTo (156 bytes)
Event: 3392.142 Thread 0x00000267c00c8800 14339       3       org.gradle.api.internal.CompositeDomainObjectSet::addCollection (49 bytes)
Event: 3392.143 Thread 0x00000267c00c8800 nmethod 14339 0x00000267ab44a410 code [0x00000267ab44a680, 0x00000267ab44b1b8]
Event: 3392.143 Thread 0x00000267c00c8800 14340       1       java.util.Collections$EmptySet::isEmpty (2 bytes)
Event: 3392.143 Thread 0x00000267c00c8800 nmethod 14340 0x00000267b143c210 code [0x00000267b143c3c0, 0x00000267b143c478]
Event: 3392.144 Thread 0x00000267c00c8800 14341       1       org.gradle.api.internal.artifacts.dependencies.AbstractExternalModuleDependency::isForce (5 bytes)
Event: 3392.144 Thread 0x00000267c00c8800 nmethod 14341 0x00000267b143c510 code [0x00000267b143c6c0, 0x00000267b143c778]
Event: 3392.144 Thread 0x00000267c00c8800 14342       1       org.gradle.api.internal.artifacts.dependencies.AbstractExternalModuleDependency::isChanging (5 bytes)
Event: 3392.144 Thread 0x00000267c00c8800 nmethod 14342 0x00000267b143c810 code [0x00000267b143c9c0, 0x00000267b143ca78]
Event: 3392.144 Thread 0x00000267c00c8800 14343       1       org.gradle.internal.component.local.model.DslOriginDependencyMetadataWrapper::isTransitive (5 bytes)
Event: 3392.144 Thread 0x00000267c00c8800 nmethod 14343 0x00000267b143cb10 code [0x00000267b143ccc0, 0x00000267b143cd78]

GC Heap History (20 events):
Event: 11.602 GC heap before
{Heap before GC invocations=29 (full 0):
 garbage-first heap   total 183296K, used 145104K [0x0000000080000000, 0x0000000100000000)
  region size 1024K, 42 young (43008K), 3 survivors (3072K)
 Metaspace       used 89153K, capacity 91256K, committed 91340K, reserved 1128448K
  class space    used 11471K, capacity 12220K, committed 12236K, reserved 1048576K
}
Event: 11.609 GC heap after
{Heap after GC invocations=30 (full 0):
 garbage-first heap   total 183296K, used 106669K [0x0000000080000000, 0x0000000100000000)
  region size 1024K, 4 young (4096K), 4 survivors (4096K)
 Metaspace       used 89153K, capacity 91256K, committed 91340K, reserved 1128448K
  class space    used 11471K, capacity 12220K, committed 12236K, reserved 1048576K
}
Event: 12.194 GC heap before
{Heap before GC invocations=30 (full 0):
 garbage-first heap   total 183296K, used 147629K [0x0000000080000000, 0x0000000100000000)
  region size 1024K, 44 young (45056K), 4 survivors (4096K)
 Metaspace       used 93248K, capacity 95608K, committed 95948K, reserved 1132544K
  class space    used 12019K, capacity 12894K, committed 13004K, reserved 1048576K
}
Event: 12.202 GC heap after
{Heap after GC invocations=31 (full 0):
 garbage-first heap   total 220160K, used 109040K [0x0000000080000000, 0x0000000100000000)
  region size 1024K, 5 young (5120K), 5 survivors (5120K)
 Metaspace       used 93248K, capacity 95608K, committed 95948K, reserved 1132544K
  class space    used 12019K, capacity 12894K, committed 13004K, reserved 1048576K
}
Event: 13.004 GC heap before
{Heap before GC invocations=32 (full 0):
 garbage-first heap   total 220160K, used 162288K [0x0000000080000000, 0x0000000100000000)
  region size 1024K, 58 young (59392K), 5 survivors (5120K)
 Metaspace       used 94754K, capacity 97081K, committed 97356K, reserved 1134592K
  class space    used 12145K, capacity 13010K, committed 13132K, reserved 1048576K
}
Event: 13.013 GC heap after
{Heap after GC invocations=33 (full 0):
 garbage-first heap   total 220160K, used 113263K [0x0000000080000000, 0x0000000100000000)
  region size 1024K, 8 young (8192K), 8 survivors (8192K)
 Metaspace       used 94754K, capacity 97081K, committed 97356K, reserved 1134592K
  class space    used 12145K, capacity 13010K, committed 13132K, reserved 1048576K
}
Event: 13.574 GC heap before
{Heap before GC invocations=33 (full 0):
 garbage-first heap   total 220160K, used 166511K [0x0000000080000000, 0x0000000100000000)
  region size 1024K, 61 young (62464K), 8 survivors (8192K)
 Metaspace       used 96592K, capacity 99081K, committed 99276K, reserved 1134592K
  class space    used 12316K, capacity 13237K, committed 13260K, reserved 1048576K
}
Event: 13.588 GC heap after
{Heap after GC invocations=34 (full 0):
 garbage-first heap   total 220160K, used 117452K [0x0000000080000000, 0x0000000100000000)
  region size 1024K, 5 young (5120K), 5 survivors (5120K)
 Metaspace       used 96592K, capacity 99081K, committed 99276K, reserved 1134592K
  class space    used 12316K, capacity 13237K, committed 13260K, reserved 1048576K
}
Event: 1123.712 GC heap before
{Heap before GC invocations=35 (full 0):
 garbage-first heap   total 220160K, used 169676K [0x0000000080000000, 0x0000000100000000)
  region size 1024K, 57 young (58368K), 5 survivors (5120K)
 Metaspace       used 100612K, capacity 103192K, committed 103500K, reserved 1138688K
  class space    used 12624K, capacity 13572K, committed 13644K, reserved 1048576K
}
Event: 1123.804 GC heap after
{Heap after GC invocations=36 (full 0):
 garbage-first heap   total 220160K, used 118837K [0x0000000080000000, 0x0000000100000000)
  region size 1024K, 6 young (6144K), 6 survivors (6144K)
 Metaspace       used 100612K, capacity 103192K, committed 103500K, reserved 1138688K
  class space    used 12624K, capacity 13572K, committed 13644K, reserved 1048576K
}
Event: 1125.813 GC heap before
{Heap before GC invocations=36 (full 0):
 garbage-first heap   total 220160K, used 173109K [0x0000000080000000, 0x0000000100000000)
  region size 1024K, 60 young (61440K), 6 survivors (6144K)
 Metaspace       used 101257K, capacity 104064K, committed 104268K, reserved 1140736K
  class space    used 12640K, capacity 13601K, committed 13644K, reserved 1048576K
}
Event: 1125.856 GC heap after
{Heap after GC invocations=37 (full 0):
 garbage-first heap   total 220160K, used 124410K [0x0000000080000000, 0x0000000100000000)
  region size 1024K, 8 young (8192K), 8 survivors (8192K)
 Metaspace       used 101257K, capacity 104064K, committed 104268K, reserved 1140736K
  class space    used 12640K, capacity 13601K, committed 13644K, reserved 1048576K
}
Event: 2016.243 GC heap before
{Heap before GC invocations=38 (full 0):
 garbage-first heap   total 220160K, used 176634K [0x0000000080000000, 0x0000000100000000)
  region size 1024K, 60 young (61440K), 8 survivors (8192K)
 Metaspace       used 101636K, capacity 104391K, committed 104524K, reserved 1140736K
  class space    used 12651K, capacity 13614K, committed 13644K, reserved 1048576K
}
Event: 2016.336 GC heap after
{Heap after GC invocations=39 (full 0):
 garbage-first heap   total 220160K, used 121191K [0x0000000080000000, 0x0000000100000000)
  region size 1024K, 3 young (3072K), 3 survivors (3072K)
 Metaspace       used 101636K, capacity 104391K, committed 104524K, reserved 1140736K
  class space    used 12651K, capacity 13614K, committed 13644K, reserved 1048576K
}
Event: 2018.411 GC heap before
{Heap before GC invocations=39 (full 0):
 garbage-first heap   total 220160K, used 177511K [0x0000000080000000, 0x0000000100000000)
  region size 1024K, 58 young (59392K), 3 survivors (3072K)
 Metaspace       used 102003K, capacity 104775K, committed 105036K, reserved 1140736K
  class space    used 12658K, capacity 13625K, committed 13644K, reserved 1048576K
}
Event: 2018.438 GC heap after
{Heap after GC invocations=40 (full 0):
 garbage-first heap   total 220160K, used 125889K [0x0000000080000000, 0x0000000100000000)
  region size 1024K, 8 young (8192K), 8 survivors (8192K)
 Metaspace       used 102003K, capacity 104775K, committed 105036K, reserved 1140736K
  class space    used 12658K, capacity 13625K, committed 13644K, reserved 1048576K
}
Event: 3389.491 GC heap before
{Heap before GC invocations=41 (full 0):
 garbage-first heap   total 220160K, used 178113K [0x0000000080000000, 0x0000000100000000)
  region size 1024K, 60 young (61440K), 8 survivors (8192K)
 Metaspace       used 101989K, capacity 104668K, committed 105036K, reserved 1140736K
  class space    used 12600K, capacity 13511K, committed 13644K, reserved 1048576K
}
Event: 3389.580 GC heap after
{Heap after GC invocations=42 (full 0):
 garbage-first heap   total 220160K, used 121090K [0x0000000080000000, 0x0000000100000000)
  region size 1024K, 2 young (2048K), 2 survivors (2048K)
 Metaspace       used 101989K, capacity 104668K, committed 105036K, reserved 1140736K
  class space    used 12600K, capacity 13511K, committed 13644K, reserved 1048576K
}
Event: 3390.273 GC heap before
{Heap before GC invocations=42 (full 0):
 garbage-first heap   total 220160K, used 128258K [0x0000000080000000, 0x0000000100000000)
  region size 1024K, 10 young (10240K), 2 survivors (2048K)
 Metaspace       used 102012K, capacity 104668K, committed 105036K, reserved 1140736K
  class space    used 12601K, capacity 13511K, committed 13644K, reserved 1048576K
}
Event: 3390.448 GC heap after
{Heap after GC invocations=43 (full 0):
 garbage-first heap   total 220160K, used 114871K [0x0000000080000000, 0x0000000100000000)
  region size 1024K, 2 young (2048K), 2 survivors (2048K)
 Metaspace       used 102012K, capacity 104668K, committed 105036K, reserved 1140736K
  class space    used 12601K, capacity 13511K, committed 13644K, reserved 1048576K
}

Deoptimization events (20 events):
Event: 3390.573 Thread 0x00000267c48c1800 Uncommon trap: trap_request=0xffffff4d fr.pc=0x00000267b0f7bd10 relative=0x0000000000000350
Event: 3390.573 Thread 0x00000267c48c1800 Uncommon trap: reason=unstable_if action=reinterpret pc=0x00000267b0f7bd10 method=java.util.concurrent.ConcurrentLinkedQueue.offer(Ljava/lang/Object;)Z @ 42 c2
Event: 3390.573 Thread 0x00000267c48c1800 DEOPT PACKING pc=0x00000267b0f7bd10 sp=0x000000c2d5efeb90
Event: 3390.574 Thread 0x00000267c48c1800 DEOPT UNPACKING pc=0x00000267a8f785af sp=0x000000c2d5efeb30 mode 2
Event: 3390.584 Thread 0x00000267c259d000 Uncommon trap: trap_request=0xffffff4d fr.pc=0x00000267b0d8ae54 relative=0x0000000000000494
Event: 3390.585 Thread 0x00000267c259d000 Uncommon trap: reason=unstable_if action=reinterpret pc=0x00000267b0d8ae54 method=java.util.concurrent.ConcurrentLinkedQueue.poll()Ljava/lang/Object; @ 24 c2
Event: 3390.585 Thread 0x00000267c259d000 DEOPT PACKING pc=0x00000267b0d8ae54 sp=0x000000c2d57fec00
Event: 3390.586 Thread 0x00000267c259d000 DEOPT UNPACKING pc=0x00000267a8f785af sp=0x000000c2d57febb8 mode 2
Event: 3391.236 Thread 0x00000267c4833000 Uncommon trap: trap_request=0xffffffde fr.pc=0x00000267b0d340ec relative=0x000000000000022c
Event: 3391.236 Thread 0x00000267c4833000 Uncommon trap: reason=class_check action=maybe_recompile pc=0x00000267b0d340ec method=java.util.stream.StreamOpFlag.fromCharacteristics(Ljava/util/Spliterator;)I @ 14 c2
Event: 3391.236 Thread 0x00000267c4833000 DEOPT PACKING pc=0x00000267b0d340ec sp=0x000000c2db8fe140
Event: 3391.236 Thread 0x00000267c4833000 DEOPT UNPACKING pc=0x00000267a8f785af sp=0x000000c2db8fe028 mode 2
Event: 3391.237 Thread 0x00000267c4833000 Uncommon trap: trap_request=0xffffffde fr.pc=0x00000267b0b4da24 relative=0x00000000000002e4
Event: 3391.237 Thread 0x00000267c4833000 Uncommon trap: reason=class_check action=maybe_recompile pc=0x00000267b0b4da24 method=java.util.Collections$SetFromMap.remove(Ljava/lang/Object;)Z @ 5 c2
Event: 3391.237 Thread 0x00000267c4833000 DEOPT PACKING pc=0x00000267b0b4da24 sp=0x000000c2db8fe9a0
Event: 3391.237 Thread 0x00000267c4833000 DEOPT UNPACKING pc=0x00000267a8f785af sp=0x000000c2db8fe998 mode 2
Event: 3392.104 Thread 0x00000267cb3b9800 Uncommon trap: trap_request=0xffffff7e fr.pc=0x00000267b139935c relative=0x000000000000233c
Event: 3392.105 Thread 0x00000267cb3b9800 Uncommon trap: reason=predicate action=maybe_recompile pc=0x00000267b139935c method=java.util.TimSort.reverseRange([Ljava/lang/Object;II)V @ 5 c2
Event: 3392.105 Thread 0x00000267cb3b9800 DEOPT PACKING pc=0x00000267b139935c sp=0x000000c2d41f9400
Event: 3392.105 Thread 0x00000267cb3b9800 DEOPT UNPACKING pc=0x00000267a8f785af sp=0x000000c2d41f9268 mode 2

Classes redefined (0 events):
No events

Internal exceptions (20 events):
Event: 2018.624 Thread 0x00000267c5e9d800 Exception <a 'sun/nio/fs/WindowsException'{0x000000008c5d72c8}> (0x000000008c5d72c8) thrown at [./src/hotspot/share/prims/jni.cpp, line 615]
Event: 3388.214 Thread 0x00000267c259c000 Exception <a 'sun/nio/fs/WindowsException'{0x000000008a7dc108}> (0x000000008a7dc108) thrown at [./src/hotspot/share/prims/jni.cpp, line 615]
Event: 3388.394 Thread 0x00000267c259c000 Exception <a 'sun/nio/fs/WindowsException'{0x000000008a669818}> (0x000000008a669818) thrown at [./src/hotspot/share/prims/jni.cpp, line 615]
Event: 3388.396 Thread 0x00000267c259c000 Exception <a 'sun/nio/fs/WindowsException'{0x000000008a6699a0}> (0x000000008a6699a0) thrown at [./src/hotspot/share/prims/jni.cpp, line 615]
Event: 3388.910 Thread 0x00000267cb3b9800 Exception <a 'java/lang/ClassNotFoundException'{0x000000008a6e1008}: sync_studio_tooling5_7tersd04piwxygyigt7fdvps4BeanInfo> (0x000000008a6e1008) thrown at [./src/hotspot/share/classfile/systemDictionary.cpp, line 231]
Event: 3388.920 Thread 0x00000267cb3b9800 Exception <a 'java/lang/ClassNotFoundException'{0x000000008a6ef138}: sync_studio_tooling5_7tersd04piwxygyigt7fdvps4Customizer> (0x000000008a6ef138) thrown at [./src/hotspot/share/classfile/systemDictionary.cpp, line 231]
Event: 3389.145 Thread 0x00000267c48c6000 Exception <a 'sun/nio/fs/WindowsException'{0x000000008a5592a8}> (0x000000008a5592a8) thrown at [./src/hotspot/share/prims/jni.cpp, line 615]
Event: 3389.163 Thread 0x00000267c48c6000 Exception <a 'sun/nio/fs/WindowsException'{0x000000008a5b7720}> (0x000000008a5b7720) thrown at [./src/hotspot/share/prims/jni.cpp, line 615]
Event: 3389.164 Thread 0x00000267c48c6000 Exception <a 'sun/nio/fs/WindowsException'{0x000000008a5b7898}> (0x000000008a5b7898) thrown at [./src/hotspot/share/prims/jni.cpp, line 615]
Event: 3389.186 Thread 0x00000267cb3b9800 Exception <a 'java/lang/ClassNotFoundException'{0x000000008a432cc0}: sync_studio_tooling5_7tersd04piwxygyigt7fdvps4BeanInfo> (0x000000008a432cc0) thrown at [./src/hotspot/share/classfile/systemDictionary.cpp, line 231]
Event: 3389.186 Thread 0x00000267cb3b9800 Exception <a 'java/lang/ClassNotFoundException'{0x000000008a440d98}: sync_studio_tooling5_7tersd04piwxygyigt7fdvps4Customizer> (0x000000008a440d98) thrown at [./src/hotspot/share/classfile/systemDictionary.cpp, line 231]
Event: 3389.703 Thread 0x00000267cb3b9800 Implicit null exception at 0x00000267b0c1eade to 0x00000267b0c21670
Event: 3390.935 Thread 0x00000267cb3b9800 Exception <a 'sun/nio/fs/WindowsException'{0x000000008cac7948}> (0x000000008cac7948) thrown at [./src/hotspot/share/prims/jni.cpp, line 615]
Event: 3391.113 Thread 0x00000267cb3b9800 Exception <a 'java/lang/NoClassDefFoundError'{0x000000008c628380}: org/jetbrains/kotlin/gradle/plugin/KotlinBasePluginWrapper> (0x000000008c628380) thrown at [./src/hotspot/share/oops/constantPool.cpp, line 775]
Event: 3391.140 Thread 0x00000267cb3b9800 Exception <a 'sun/nio/fs/WindowsException'{0x000000008c6741c8}> (0x000000008c6741c8) thrown at [./src/hotspot/share/prims/jni.cpp, line 615]
Event: 3391.936 Thread 0x00000267cb3b9800 Exception <a 'sun/nio/fs/WindowsException'{0x000000008b40e010}> (0x000000008b40e010) thrown at [./src/hotspot/share/prims/jni.cpp, line 615]
Event: 3391.982 Thread 0x00000267cb3b9800 Exception <a 'sun/nio/fs/WindowsException'{0x000000008b4af118}> (0x000000008b4af118) thrown at [./src/hotspot/share/prims/jni.cpp, line 615]
Event: 3391.982 Thread 0x00000267cb3b9800 Exception <a 'sun/nio/fs/WindowsException'{0x000000008b4b01f8}> (0x000000008b4b01f8) thrown at [./src/hotspot/share/prims/jni.cpp, line 615]
Event: 3391.983 Thread 0x00000267cb3b9800 Exception <a 'sun/nio/fs/WindowsException'{0x000000008b4b1328}> (0x000000008b4b1328) thrown at [./src/hotspot/share/prims/jni.cpp, line 615]
Event: 3391.983 Thread 0x00000267cb3b9800 Exception <a 'sun/nio/fs/WindowsException'{0x000000008b4b2458}> (0x000000008b4b2458) thrown at [./src/hotspot/share/prims/jni.cpp, line 615]

Events (20 events):
Event: 3391.244 Executing VM operation: RevokeBias done
Event: 3391.244 Executing VM operation: RevokeBias
Event: 3391.244 Executing coalesced safepoint VM operation: RevokeBias
Event: 3391.244 Executing coalesced safepoint VM operation: RevokeBias done
Event: 3391.244 Executing VM operation: RevokeBias done
Event: 3391.244 Executing VM operation: RevokeBias
Event: 3391.244 Executing VM operation: RevokeBias done
Event: 3391.244 Thread 0x00000267c6221000 Thread exited: 0x00000267c6221000
Event: 3391.244 Thread 0x00000267c4833000 Thread exited: 0x00000267c4833000
Event: 3391.244 Thread 0x00000267c482f000 Thread exited: 0x00000267c482f000
Event: 3391.245 Executing VM operation: RevokeBias
Event: 3391.245 Executing VM operation: RevokeBias done
Event: 3391.245 Executing VM operation: RevokeBias
Event: 3391.246 Executing VM operation: RevokeBias done
Event: 3391.246 Executing VM operation: BulkRevokeBias
Event: 3391.247 Executing VM operation: BulkRevokeBias done
Event: 3392.082 Executing VM operation: ICBufferFull
Event: 3392.082 Executing VM operation: ICBufferFull done
Event: 3392.088 Executing VM operation: BulkRevokeBias
Event: 3392.089 Executing VM operation: BulkRevokeBias done


Dynamic libraries:
0x00007ff6b7060000 - 0x00007ff6b706a000 	D:\Program files\jre\bin\java.exe
0x00007fff92270000 - 0x00007fff92468000 	C:\WINDOWS\SYSTEM32\ntdll.dll
0x00007fff91600000 - 0x00007fff916bf000 	C:\WINDOWS\System32\KERNEL32.DLL
0x00007fff8fe70000 - 0x00007fff90142000 	C:\WINDOWS\System32\KERNELBASE.dll
0x00007fff8f9c0000 - 0x00007fff8fac0000 	C:\WINDOWS\System32\ucrtbase.dll
0x00007fff72bc0000 - 0x00007fff72bd7000 	D:\Program files\jre\bin\VCRUNTIME140.dll
0x00007fff71dc0000 - 0x00007fff71dd9000 	D:\Program files\jre\bin\jli.dll
0x00007fff90f20000 - 0x00007fff910bd000 	C:\WINDOWS\System32\USER32.dll
0x00007fff90150000 - 0x00007fff90172000 	C:\WINDOWS\System32\win32u.dll
0x00007fff911e0000 - 0x00007fff9120b000 	C:\WINDOWS\System32\GDI32.dll
0x00007fff78e90000 - 0x00007fff7912a000 	C:\WINDOWS\WinSxS\amd64_microsoft.windows.common-controls_6595b64144ccf1df_6.0.19041.1110_none_60b5254171f9507e\COMCTL32.dll
0x00007fff901b0000 - 0x00007fff902bf000 	C:\WINDOWS\System32\gdi32full.dll
0x00007fff91ce0000 - 0x00007fff91d7e000 	C:\WINDOWS\System32\msvcrt.dll
0x00007fff8fcd0000 - 0x00007fff8fd6d000 	C:\WINDOWS\System32\msvcp_win.dll
0x00007fff91d80000 - 0x00007fff91db2000 	C:\WINDOWS\System32\IMM32.DLL
0x00007fff41e90000 - 0x00007fff41f2d000 	D:\Program files\jre\bin\msvcp140.dll
0x00007fff42860000 - 0x00007fff43345000 	D:\Program files\jre\bin\server\jvm.dll
0x00007fff918f0000 - 0x00007fff9199e000 	C:\WINDOWS\System32\ADVAPI32.dll
0x00007fff902c0000 - 0x00007fff9035c000 	C:\WINDOWS\System32\sechost.dll
0x00007fff91ad0000 - 0x00007fff91bf5000 	C:\WINDOWS\System32\RPCRT4.dll
0x00007fff91870000 - 0x00007fff91878000 	C:\WINDOWS\System32\PSAPI.DLL
0x00007fff8c8e0000 - 0x00007fff8c8ea000 	C:\WINDOWS\SYSTEM32\VERSION.dll
0x00007fff8d7a0000 - 0x00007fff8d7c7000 	C:\WINDOWS\SYSTEM32\WINMM.dll
0x00007fff71a50000 - 0x00007fff71a59000 	C:\WINDOWS\SYSTEM32\WSOCK32.dll
0x00007fff905b0000 - 0x00007fff9061b000 	C:\WINDOWS\System32\WS2_32.dll
0x00007fff8e1c0000 - 0x00007fff8e1d2000 	C:\WINDOWS\SYSTEM32\kernel.appcore.dll
0x00007fff70f90000 - 0x00007fff70fa1000 	D:\Program files\jre\bin\verify.dll
0x00007fff8d580000 - 0x00007fff8d764000 	C:\WINDOWS\SYSTEM32\DBGHELP.DLL
0x00007fff8d770000 - 0x00007fff8d79c000 	C:\WINDOWS\SYSTEM32\dbgcore.DLL
0x00007fff8fd70000 - 0x00007fff8fdf2000 	C:\WINDOWS\System32\bcryptPrimitives.dll
0x00007fff68000000 - 0x00007fff68029000 	D:\Program files\jre\bin\java.dll
0x00007fff71680000 - 0x00007fff7168b000 	D:\Program files\jre\bin\jimage.dll
0x00007fff70dc0000 - 0x00007fff70dd8000 	D:\Program files\jre\bin\zip.dll
0x00007fff90750000 - 0x00007fff90e93000 	C:\WINDOWS\System32\SHELL32.dll
0x00007fff8da10000 - 0x00007fff8e1a2000 	C:\WINDOWS\SYSTEM32\windows.storage.dll
0x00007fff91210000 - 0x00007fff91564000 	C:\WINDOWS\System32\combase.dll
0x00007fff8f3d0000 - 0x00007fff8f400000 	C:\WINDOWS\SYSTEM32\Wldp.dll
0x00007fff90410000 - 0x00007fff904bd000 	C:\WINDOWS\System32\SHCORE.dll
0x00007fff904f0000 - 0x00007fff90545000 	C:\WINDOWS\System32\shlwapi.dll
0x00007fff8f8b0000 - 0x00007fff8f8cf000 	C:\WINDOWS\SYSTEM32\profapi.dll
0x00007fff60400000 - 0x00007fff6041a000 	D:\Program files\jre\bin\net.dll
0x00007fff8c040000 - 0x00007fff8c14c000 	C:\WINDOWS\SYSTEM32\WINHTTP.dll
0x00007fff8f130000 - 0x00007fff8f19a000 	C:\WINDOWS\system32\mswsock.dll
0x00007fff5f340000 - 0x00007fff5f354000 	D:\Program files\jre\bin\nio.dll
0x00007fff7f450000 - 0x00007fff7f477000 	C:\Users\VAISHNAVI\.gradle\native\e1d6ef7f7dcc3fd88c89a11ec53ec762bb8ba0a96d01ffa2cd45eb1d1d8dd5c5\windows-amd64\native-platform.dll
0x00007fff41870000 - 0x00007fff419b4000 	C:\Users\VAISHNAVI\.gradle\native\5664cfc778a61ccfe75a443a1ab52a65af34e5dc3c78e0209fed803814484fcb\windows-amd64\native-platform-file-events.dll
0x00007fff65cc0000 - 0x00007fff65cca000 	D:\Program files\jre\bin\management.dll
0x00007fff63a60000 - 0x00007fff63a6d000 	D:\Program files\jre\bin\management_ext.dll
0x00007fff8f320000 - 0x00007fff8f338000 	C:\WINDOWS\SYSTEM32\CRYPTSP.dll
0x00007fff8e9e0000 - 0x00007fff8ea14000 	C:\WINDOWS\system32\rsaenh.dll
0x00007fff90180000 - 0x00007fff901a7000 	C:\WINDOWS\System32\bcrypt.dll
0x00007fff8f870000 - 0x00007fff8f89e000 	C:\WINDOWS\SYSTEM32\USERENV.dll
0x00007fff8f340000 - 0x00007fff8f34c000 	C:\WINDOWS\SYSTEM32\CRYPTBASE.dll
0x00007fff8edd0000 - 0x00007fff8ee0b000 	C:\WINDOWS\SYSTEM32\IPHLPAPI.DLL
0x00007fff904e0000 - 0x00007fff904e8000 	C:\WINDOWS\System32\NSI.dll
0x00007fff87c80000 - 0x00007fff87c97000 	C:\WINDOWS\SYSTEM32\dhcpcsvc6.DLL
0x00007fff88c90000 - 0x00007fff88cad000 	C:\WINDOWS\SYSTEM32\dhcpcsvc.DLL
0x00007fff8ee60000 - 0x00007fff8ef2a000 	C:\WINDOWS\SYSTEM32\DNSAPI.dll

dbghelp: loaded successfully - version: 4.0.5 - missing functions: none
symbol engine: initialized successfully - sym options: 0x614 - pdb path: .;D:\Program files\jre\bin;C:\WINDOWS\SYSTEM32;C:\WINDOWS\WinSxS\amd64_microsoft.windows.common-controls_6595b64144ccf1df_6.0.19041.1110_none_60b5254171f9507e;D:\Program files\jre\bin\server;C:\Users\VAISHNAVI\.gradle\native\e1d6ef7f7dcc3fd88c89a11ec53ec762bb8ba0a96d01ffa2cd45eb1d1d8dd5c5\windows-amd64;C:\Users\VAISHNAVI\.gradle\native\5664cfc778a61ccfe75a443a1ab52a65af34e5dc3c78e0209fed803814484fcb\windows-amd64

VM Arguments:
jvm_args: --add-opens=java.base/java.util=ALL-UNNAMED --add-opens=java.base/java.lang=ALL-UNNAMED --add-opens=java.base/java.lang.invoke=ALL-UNNAMED --add-opens=java.base/java.util=ALL-UNNAMED --add-opens=java.prefs/java.util.prefs=ALL-UNNAMED --add-opens=java.prefs/java.util.prefs=ALL-UNNAMED --add-opens=java.base/java.nio.charset=ALL-UNNAMED --add-opens=java.base/java.net=ALL-UNNAMED --add-opens=java.base/java.util.concurrent.atomic=ALL-UNNAMED -Xmx2048m -Dfile.encoding=UTF-8 -Duser.country=IN -Duser.language=en -Duser.variant 
java_command: org.gradle.launcher.daemon.bootstrap.GradleDaemon 7.3.3
java_class_path (initial): C:\Users\VAISHNAVI\.gradle\wrapper\dists\gradle-7.3.3-bin\6a41zxkdtcxs8rphpq6y0069z\gradle-7.3.3\lib\gradle-launcher-7.3.3.jar
Launcher Type: SUN_STANDARD

[Global flags]
     intx CICompilerCount                          = 4                                         {product} {ergonomic}
     uint ConcGCThreads                            = 2                                         {product} {ergonomic}
     uint G1ConcRefinementThreads                  = 8                                         {product} {ergonomic}
   size_t G1HeapRegionSize                         = 1048576                                   {product} {ergonomic}
    uintx GCDrainStackTargetSize                   = 64                                        {product} {ergonomic}
   size_t InitialHeapSize                          = 130023424                                 {product} {ergonomic}
   size_t MarkStackSize                            = 4194304                                   {product} {ergonomic}
   size_t MaxHeapSize                              = 2147483648                                {product} {command line}
   size_t MaxNewSize                               = 1287651328                                {product} {ergonomic}
   size_t MinHeapDeltaBytes                        = 1048576                                   {product} {ergonomic}
    uintx NonNMethodCodeHeapSize                   = 5836300                                {pd product} {ergonomic}
    uintx NonProfiledCodeHeapSize                  = 122910970                              {pd product} {ergonomic}
    uintx ProfiledCodeHeapSize                     = 122910970                              {pd product} {ergonomic}
    uintx ReservedCodeCacheSize                    = 251658240                              {pd product} {ergonomic}
     bool SegmentedCodeCache                       = true                                      {product} {ergonomic}
     bool UseCompressedClassPointers               = true                                 {lp64_product} {ergonomic}
     bool UseCompressedOops                        = true                                 {lp64_product} {ergonomic}
     bool UseG1GC                                  = true                                      {product} {ergonomic}
     bool UseLargePagesIndividualAllocation        = false                                  {pd product} {ergonomic}

Logging:
Log output configuration:
 #0: stdout all=warning uptime,level,tags
 #1: stderr all=off uptime,level,tags

Environment Variables:
PATH=C:\Program Files\Common Files\Oracle\Java\javapath;C:\Windows\system32;C:\Windows;C:\Windows\System32\Wbem;C:\Windows\System32\WindowsPowerShell\v1.0\;C:\Windows\System32\OpenSSH\;C:\Program Files\NVIDIA Corporation\NVIDIA NvDLISR;C:\WINDOWS\system32;C:\WINDOWS;C:\WINDOWS\System32\Wbem;C:\WINDOWS\System32\WindowsPowerShell\v1.0\;C:\WINDOWS\System32\OpenSSH\;C:\Program Files (x86)\NVIDIA Corporation\PhysX\Common;C:\msys64\mingw64\bin;C:\MinGW\bin;C:\MinGW\bin;";Path to platform-tools";C:\Program Files\Git\cmd;C:\Program Files\dotnet\;C:\Users\VAISHNAVI\AppData\Local\Programs\Python\Python311\Scripts;C:\Users\VAISHNAVI\AppData\Local\Programs\Python\Python311\;C:\Users\VAISHNAVI\AppData\Local\Microsoft\WindowsApps;C:\Users\VAISHNAVI\AppData\Local\Programs\Microsoft VS Code\bin;C:\Users\VAISHNAVI\AppData\Local\Programs\Hyper\resources\bin;
USERNAME=VAISHNAVI
OS=Windows_NT
PROCESSOR_IDENTIFIER=Intel64 Family 6 Model 140 Stepping 1, GenuineIntel



---------------  S Y S T E M  ---------------

OS: Windows 10 , 64 bit Build 19041 (10.0.19041.2251)
OS uptime: 15 days 7:53 hours

CPU:total 8 (initial active 8) (4 cores per cpu, 2 threads per core) family 6 model 140 stepping 1 microcode 0xa4, cmov, cx8, fxsr, mmx, sse, sse2, sse3, ssse3, sse4.1, sse4.2, popcnt, avx, avx2, aes, clmul, erms, 3dnowpref, lzcnt, ht, tsc, tscinvbit, bmi1, bmi2, adx, evex, sha, fma

Memory: 4k page, system-wide physical 7914M (131M free)
TotalPageFile size 26677M (AvailPageFile size 2M)
current process WorkingSet (physical memory assigned to process): 299M, peak: 518M
current process commit charge ("private bytes"): 563M, peak: 624M

vm_info: OpenJDK 64-Bit Server VM (11.0.12+7-b1504.28-7817840) for windows-amd64 JRE (11.0.12+7-b1504.28-7817840), built on Oct 13 2021 22:12:33 by "builder" with MS VC++ 14.0 (VS2015)

END.
